{"level":"info","message":"Gateway đang chạy tại cổng 5000","service":"api-gateway","timestamp":"2025-09-13 22:54:47"}
{"level":"info","message":"::1 - - [13/Sep/2025:15:55:33 +0000] \"POST /api/auth/login-admin HTTP/1.1\" 404 156 \"-\" \"PostmanRuntime/7.46.0\"","service":"api-gateway","timestamp":"2025-09-13 22:55:33"}
{"level":"info","message":"::1 - - [13/Sep/2025:15:57:40 +0000] \"POST /api/auth/login-admin HTTP/1.1\" 404 156 \"-\" \"PostmanRuntime/7.46.0\"","service":"api-gateway","timestamp":"2025-09-13 22:57:40"}
{"level":"info","message":"Gateway đang chạy tại cổng 5000","service":"api-gateway","timestamp":"2025-09-13 22:58:57"}
{"level":"info","message":"::1 - - [13/Sep/2025:15:59:06 +0000] \"POST /auth/login-admin HTTP/1.1\" 404 156 \"-\" \"PostmanRuntime/7.46.0\"","service":"api-gateway","timestamp":"2025-09-13 22:59:06"}
{"level":"info","message":"Gateway đang chạy tại cổng 5000","service":"api-gateway","timestamp":"2025-09-13 22:59:17"}
{"level":"info","message":"Gateway đang chạy tại cổng 5000","service":"api-gateway","timestamp":"2025-09-13 22:59:30"}
{"level":"info","message":"Gateway đang chạy tại cổng 5000","service":"api-gateway","timestamp":"2025-09-13 23:15:39"}
{"level":"info","message":"Gateway đang chạy tại cổng 5000","service":"api-gateway","timestamp":"2025-09-13 23:15:40"}
{"level":"info","message":"Auth service URL: http://localhost:5001","service":"api-gateway","timestamp":"2025-09-13 23:15:40"}
{"level":"info","message":"Gateway đang chạy tại cổng 5000","service":"api-gateway","timestamp":"2025-09-13 23:15:45"}
{"level":"info","message":"Auth service URL: http://localhost:5001","service":"api-gateway","timestamp":"2025-09-13 23:15:45"}
{"level":"info","message":"Gateway đang chạy tại cổng 5000","service":"api-gateway","timestamp":"2025-09-13 23:15:50"}
{"level":"info","message":"Auth service URL: http://localhost:5001","service":"api-gateway","timestamp":"2025-09-13 23:15:50"}
{"level":"info","message":"Gateway đang chạy tại cổng 5000","service":"api-gateway","timestamp":"2025-09-13 23:17:22"}
{"level":"info","message":"Auth service URL: http://localhost:5001","service":"api-gateway","timestamp":"2025-09-13 23:17:22"}
{"level":"info","message":"Gateway đang chạy tại cổng 5000","service":"api-gateway","timestamp":"2025-09-13 23:18:35"}
{"level":"info","message":"Auth service URL: http://localhost:5001","service":"api-gateway","timestamp":"2025-09-13 23:18:35"}
{"level":"info","message":"Gateway đang chạy tại cổng 5000","service":"api-gateway","timestamp":"2025-09-13 23:19:03"}
{"level":"info","message":"Auth service URL: http://localhost:5001","service":"api-gateway","timestamp":"2025-09-13 23:19:03"}
{"level":"info","message":"::1 - - [13/Sep/2025:16:19:20 +0000] \"POST /api/auth/login-admin HTTP/1.1\" - - \"-\" \"PostmanRuntime/7.46.0\"","service":"api-gateway","timestamp":"2025-09-13 23:19:20"}
{"level":"info","message":"::1 - - [13/Sep/2025:16:19:21 +0000] \"POST /auth/login-admin HTTP/1.1\" 404 156 \"-\" \"PostmanRuntime/7.46.0\"","service":"api-gateway","timestamp":"2025-09-13 23:19:21"}
{"level":"info","message":"Gateway đang chạy tại cổng 5000","service":"api-gateway","timestamp":"2025-09-13 23:20:18"}
{"level":"info","message":"Auth service URL: http://localhost:5001","service":"api-gateway","timestamp":"2025-09-13 23:20:18"}
{"level":"info","message":"Gateway đang chạy tại cổng 5000","service":"api-gateway","timestamp":"2025-09-13 23:20:20"}
{"level":"info","message":"Auth service URL: http://localhost:5001","service":"api-gateway","timestamp":"2025-09-13 23:20:20"}
{"level":"info","message":"::1 - - [13/Sep/2025:16:20:42 +0000] \"POST /api/auth/login-admin HTTP/1.1\" - - \"-\" \"PostmanRuntime/7.46.0\"","service":"api-gateway","timestamp":"2025-09-13 23:20:42"}
{"level":"info","message":"::1 - - [13/Sep/2025:16:20:43 +0000] \"POST /login-admin HTTP/1.1\" 404 151 \"-\" \"PostmanRuntime/7.46.0\"","service":"api-gateway","timestamp":"2025-09-13 23:20:43"}
{"level":"info","message":"::1 - - [13/Sep/2025:16:20:51 +0000] \"POST /auth/login-admin HTTP/1.1\" 404 156 \"-\" \"PostmanRuntime/7.46.0\"","service":"api-gateway","timestamp":"2025-09-13 23:20:51"}
{"level":"info","message":"Gateway đang chạy tại cổng 5000","service":"api-gateway","timestamp":"2025-09-13 23:22:03"}
{"level":"info","message":"Auth service URL: http://localhost:5001","service":"api-gateway","timestamp":"2025-09-13 23:22:03"}
{"level":"info","message":"User service URL: http://localhost:5007","service":"api-gateway","timestamp":"2025-09-13 23:22:03"}
{"level":"info","message":"Recipe service URL: http://localhost:5005","service":"api-gateway","timestamp":"2025-09-13 23:22:03"}
{"level":"info","message":"Ingredient service URL: http://localhost:5002","service":"api-gateway","timestamp":"2025-09-13 23:22:03"}
{"level":"info","message":"Meal service URL: http://localhost:5003","service":"api-gateway","timestamp":"2025-09-13 23:22:03"}
{"level":"info","message":"MealPlan service URL: http://localhost:5004","service":"api-gateway","timestamp":"2025-09-13 23:22:03"}
{"level":"info","message":"Shopping service URL: http://localhost:5006","service":"api-gateway","timestamp":"2025-09-13 23:22:03"}
{"level":"info","message":"Gateway đang chạy tại cổng 5000","service":"api-gateway","timestamp":"2025-09-13 23:22:11"}
{"level":"info","message":"Auth service URL: http://localhost:5001","service":"api-gateway","timestamp":"2025-09-13 23:22:11"}
{"level":"info","message":"User service URL: http://localhost:5007","service":"api-gateway","timestamp":"2025-09-13 23:22:11"}
{"level":"info","message":"Recipe service URL: http://localhost:5005","service":"api-gateway","timestamp":"2025-09-13 23:22:11"}
{"level":"info","message":"Ingredient service URL: http://localhost:5002","service":"api-gateway","timestamp":"2025-09-13 23:22:11"}
{"level":"info","message":"Meal service URL: http://localhost:5003","service":"api-gateway","timestamp":"2025-09-13 23:22:11"}
{"level":"info","message":"MealPlan service URL: http://localhost:5004","service":"api-gateway","timestamp":"2025-09-13 23:22:11"}
{"level":"info","message":"Shopping service URL: http://localhost:5006","service":"api-gateway","timestamp":"2025-09-13 23:22:11"}
{"level":"info","message":"Gateway đang chạy tại cổng 5000","service":"api-gateway","timestamp":"2025-09-13 23:22:19"}
{"level":"info","message":"Auth service URL: http://localhost:5001","service":"api-gateway","timestamp":"2025-09-13 23:22:19"}
{"level":"info","message":"User service URL: http://localhost:5007","service":"api-gateway","timestamp":"2025-09-13 23:22:19"}
{"level":"info","message":"Recipe service URL: http://localhost:5005","service":"api-gateway","timestamp":"2025-09-13 23:22:19"}
{"level":"info","message":"Ingredient service URL: http://localhost:5002","service":"api-gateway","timestamp":"2025-09-13 23:22:19"}
{"level":"info","message":"Meal service URL: http://localhost:5003","service":"api-gateway","timestamp":"2025-09-13 23:22:19"}
{"level":"info","message":"MealPlan service URL: http://localhost:5004","service":"api-gateway","timestamp":"2025-09-13 23:22:19"}
{"level":"info","message":"Shopping service URL: http://localhost:5006","service":"api-gateway","timestamp":"2025-09-13 23:22:19"}
{"level":"info","message":"Gateway đang chạy tại cổng 5000","service":"api-gateway","timestamp":"2025-09-13 23:22:29"}
{"level":"info","message":"Auth service URL: http://localhost:5001","service":"api-gateway","timestamp":"2025-09-13 23:22:29"}
{"level":"info","message":"User service URL: http://localhost:5007","service":"api-gateway","timestamp":"2025-09-13 23:22:29"}
{"level":"info","message":"Recipe service URL: http://localhost:5005","service":"api-gateway","timestamp":"2025-09-13 23:22:29"}
{"level":"info","message":"Ingredient service URL: http://localhost:5002","service":"api-gateway","timestamp":"2025-09-13 23:22:29"}
{"level":"info","message":"Meal service URL: http://localhost:5003","service":"api-gateway","timestamp":"2025-09-13 23:22:29"}
{"level":"info","message":"MealPlan service URL: http://localhost:5004","service":"api-gateway","timestamp":"2025-09-13 23:22:29"}
{"level":"info","message":"Shopping service URL: http://localhost:5006","service":"api-gateway","timestamp":"2025-09-13 23:22:29"}
{"level":"info","message":"::1 - - [13/Sep/2025:16:22:32 +0000] \"POST /api/auth/login-admin HTTP/1.1\" 404 151 \"-\" \"PostmanRuntime/7.46.0\"","service":"api-gateway","timestamp":"2025-09-13 23:22:32"}
{"level":"info","message":"::1 - - [13/Sep/2025:16:22:47 +0000] \"POST /login-admin HTTP/1.1\" 404 80 \"-\" \"PostmanRuntime/7.46.0\"","service":"api-gateway","timestamp":"2025-09-13 23:22:47"}
{"level":"info","message":"::1 - - [13/Sep/2025:16:22:58 +0000] \"POST /auth/login-admin HTTP/1.1\" 404 85 \"-\" \"PostmanRuntime/7.46.0\"","service":"api-gateway","timestamp":"2025-09-13 23:22:58"}
{"level":"info","message":"::1 - - [13/Sep/2025:16:23:05 +0000] \"POST /api/auth/login-admin HTTP/1.1\" 404 151 \"-\" \"PostmanRuntime/7.46.0\"","service":"api-gateway","timestamp":"2025-09-13 23:23:05"}
{"level":"info","message":"Gateway đang chạy tại cổng 5000","service":"api-gateway","timestamp":"2025-09-13 23:23:38"}
{"level":"info","message":"Auth service URL: http://localhost:5001","service":"api-gateway","timestamp":"2025-09-13 23:23:38"}
{"level":"info","message":"User service URL: http://localhost:5007","service":"api-gateway","timestamp":"2025-09-13 23:23:38"}
{"level":"info","message":"Recipe service URL: http://localhost:5005","service":"api-gateway","timestamp":"2025-09-13 23:23:38"}
{"level":"info","message":"Ingredient service URL: http://localhost:5002","service":"api-gateway","timestamp":"2025-09-13 23:23:38"}
{"level":"info","message":"Meal service URL: http://localhost:5003","service":"api-gateway","timestamp":"2025-09-13 23:23:38"}
{"level":"info","message":"MealPlan service URL: http://localhost:5004","service":"api-gateway","timestamp":"2025-09-13 23:23:38"}
{"level":"info","message":"Shopping service URL: http://localhost:5006","service":"api-gateway","timestamp":"2025-09-13 23:23:38"}
{"level":"info","message":"Gateway đang chạy tại cổng 5000","service":"api-gateway","timestamp":"2025-09-13 23:24:52"}
{"level":"info","message":"Auth service URL: http://localhost:5001","service":"api-gateway","timestamp":"2025-09-13 23:24:52"}
{"level":"info","message":"User service URL: http://localhost:5007","service":"api-gateway","timestamp":"2025-09-13 23:24:52"}
{"level":"info","message":"Recipe service URL: http://localhost:5005","service":"api-gateway","timestamp":"2025-09-13 23:24:52"}
{"level":"info","message":"Ingredient service URL: http://localhost:5002","service":"api-gateway","timestamp":"2025-09-13 23:24:52"}
{"level":"info","message":"Meal service URL: http://localhost:5003","service":"api-gateway","timestamp":"2025-09-13 23:24:52"}
{"level":"info","message":"MealPlan service URL: http://localhost:5004","service":"api-gateway","timestamp":"2025-09-13 23:24:52"}
{"level":"info","message":"Shopping service URL: http://localhost:5006","service":"api-gateway","timestamp":"2025-09-13 23:24:52"}
{"level":"info","message":"Gateway đang chạy tại cổng 5000","service":"api-gateway","timestamp":"2025-09-13 23:26:11"}
{"level":"info","message":"Auth service URL: http://localhost:5001","service":"api-gateway","timestamp":"2025-09-13 23:26:11"}
{"level":"info","message":"User service URL: http://localhost:5007","service":"api-gateway","timestamp":"2025-09-13 23:26:11"}
{"level":"info","message":"Recipe service URL: http://localhost:5005","service":"api-gateway","timestamp":"2025-09-13 23:26:11"}
{"level":"info","message":"Ingredient service URL: http://localhost:5002","service":"api-gateway","timestamp":"2025-09-13 23:26:11"}
{"level":"info","message":"Meal service URL: http://localhost:5003","service":"api-gateway","timestamp":"2025-09-13 23:26:11"}
{"level":"info","message":"MealPlan service URL: http://localhost:5004","service":"api-gateway","timestamp":"2025-09-13 23:26:11"}
{"level":"info","message":"Shopping service URL: http://localhost:5006","service":"api-gateway","timestamp":"2025-09-13 23:26:11"}
{"level":"info","message":"::1 - - [13/Sep/2025:16:26:20 +0000] \"POST /api/auth/login-admin HTTP/1.1\" 200 340 \"-\" \"PostmanRuntime/7.46.0\"","service":"api-gateway","timestamp":"2025-09-13 23:26:20"}
{"level":"info","message":"::1 - - [13/Sep/2025:16:26:38 +0000] \"POST /api/auth/login-admin HTTP/1.1\" 200 340 \"-\" \"PostmanRuntime/7.46.0\"","service":"api-gateway","timestamp":"2025-09-13 23:26:38"}
{"level":"info","message":"::1 - - [13/Sep/2025:16:28:29 +0000] \"POST /api/auth/login-admin HTTP/1.1\" 200 340 \"-\" \"PostmanRuntime/7.46.0\"","service":"api-gateway","timestamp":"2025-09-13 23:28:29"}
{"level":"info","message":"Gateway đang chạy tại cổng 5000","service":"api-gateway","timestamp":"2025-09-13 23:29:04"}
{"level":"info","message":"Auth service URL: http://localhost:5001","service":"api-gateway","timestamp":"2025-09-13 23:29:04"}
{"level":"info","message":"User service URL: http://localhost:5007","service":"api-gateway","timestamp":"2025-09-13 23:29:04"}
{"level":"info","message":"Recipe service URL: http://localhost:5005","service":"api-gateway","timestamp":"2025-09-13 23:29:04"}
{"level":"info","message":"Ingredient service URL: http://localhost:5002","service":"api-gateway","timestamp":"2025-09-13 23:29:04"}
{"level":"info","message":"Meal service URL: http://localhost:5003","service":"api-gateway","timestamp":"2025-09-13 23:29:04"}
{"level":"info","message":"MealPlan service URL: http://localhost:5004","service":"api-gateway","timestamp":"2025-09-13 23:29:04"}
{"level":"info","message":"Shopping service URL: http://localhost:5006","service":"api-gateway","timestamp":"2025-09-13 23:29:04"}
{"level":"info","message":"Gateway đang chạy tại cổng 5000","service":"api-gateway","timestamp":"2025-09-13 23:29:08"}
{"level":"info","message":"Auth service URL: http://localhost:5001","service":"api-gateway","timestamp":"2025-09-13 23:29:08"}
{"level":"info","message":"User service URL: http://localhost:5007","service":"api-gateway","timestamp":"2025-09-13 23:29:08"}
{"level":"info","message":"Recipe service URL: http://localhost:5005","service":"api-gateway","timestamp":"2025-09-13 23:29:08"}
{"level":"info","message":"Ingredient service URL: http://localhost:5002","service":"api-gateway","timestamp":"2025-09-13 23:29:08"}
{"level":"info","message":"Meal service URL: http://localhost:5003","service":"api-gateway","timestamp":"2025-09-13 23:29:08"}
{"level":"info","message":"MealPlan service URL: http://localhost:5004","service":"api-gateway","timestamp":"2025-09-13 23:29:08"}
{"level":"info","message":"Shopping service URL: http://localhost:5006","service":"api-gateway","timestamp":"2025-09-13 23:29:08"}
{"level":"info","message":"Gateway đang chạy tại cổng 5000","service":"api-gateway","timestamp":"2025-09-13 23:29:51"}
{"level":"info","message":"Auth service URL: http://localhost:5001","service":"api-gateway","timestamp":"2025-09-13 23:29:51"}
{"level":"info","message":"User service URL: http://localhost:5007","service":"api-gateway","timestamp":"2025-09-13 23:29:51"}
{"level":"info","message":"Recipe service URL: http://localhost:5005","service":"api-gateway","timestamp":"2025-09-13 23:29:51"}
{"level":"info","message":"Ingredient service URL: http://localhost:5002","service":"api-gateway","timestamp":"2025-09-13 23:29:51"}
{"level":"info","message":"Meal service URL: http://localhost:5003","service":"api-gateway","timestamp":"2025-09-13 23:29:51"}
{"level":"info","message":"MealPlan service URL: http://localhost:5004","service":"api-gateway","timestamp":"2025-09-13 23:29:51"}
{"level":"info","message":"Shopping service URL: http://localhost:5006","service":"api-gateway","timestamp":"2025-09-13 23:29:51"}
{"level":"info","message":"Gateway đang chạy tại cổng 5000","service":"api-gateway","timestamp":"2025-09-13 23:30:52"}
{"level":"info","message":"Auth service URL: http://localhost:5001","service":"api-gateway","timestamp":"2025-09-13 23:30:52"}
{"level":"info","message":"User service URL: http://localhost:5007","service":"api-gateway","timestamp":"2025-09-13 23:30:52"}
{"level":"info","message":"Recipe service URL: http://localhost:5005","service":"api-gateway","timestamp":"2025-09-13 23:30:52"}
{"level":"info","message":"Ingredient service URL: http://localhost:5002","service":"api-gateway","timestamp":"2025-09-13 23:30:52"}
{"level":"info","message":"Meal service URL: http://localhost:5003","service":"api-gateway","timestamp":"2025-09-13 23:30:52"}
{"level":"info","message":"MealPlan service URL: http://localhost:5004","service":"api-gateway","timestamp":"2025-09-13 23:30:52"}
{"level":"info","message":"Shopping service URL: http://localhost:5006","service":"api-gateway","timestamp":"2025-09-13 23:30:52"}
{"level":"info","message":"Gateway đang chạy tại cổng 5000","service":"api-gateway","timestamp":"2025-09-13 23:31:12"}
{"level":"info","message":"Auth service URL: http://localhost:5001","service":"api-gateway","timestamp":"2025-09-13 23:31:12"}
{"level":"info","message":"User service URL: http://localhost:5007","service":"api-gateway","timestamp":"2025-09-13 23:31:12"}
{"level":"info","message":"Recipe service URL: http://localhost:5005","service":"api-gateway","timestamp":"2025-09-13 23:31:12"}
{"level":"info","message":"Ingredient service URL: http://localhost:5002","service":"api-gateway","timestamp":"2025-09-13 23:31:12"}
{"level":"info","message":"Meal service URL: http://localhost:5003","service":"api-gateway","timestamp":"2025-09-13 23:31:12"}
{"level":"info","message":"MealPlan service URL: http://localhost:5004","service":"api-gateway","timestamp":"2025-09-13 23:31:12"}
{"level":"info","message":"Shopping service URL: http://localhost:5006","service":"api-gateway","timestamp":"2025-09-13 23:31:12"}
{"level":"info","message":"Gateway đang chạy tại cổng 5000","service":"api-gateway","timestamp":"2025-09-13 23:31:28"}
{"level":"info","message":"Auth service URL: http://localhost:5001","service":"api-gateway","timestamp":"2025-09-13 23:31:28"}
{"level":"info","message":"User service URL: http://localhost:5007","service":"api-gateway","timestamp":"2025-09-13 23:31:28"}
{"level":"info","message":"Recipe service URL: http://localhost:5005","service":"api-gateway","timestamp":"2025-09-13 23:31:28"}
{"level":"info","message":"Ingredient service URL: http://localhost:5002","service":"api-gateway","timestamp":"2025-09-13 23:31:28"}
{"level":"info","message":"Meal service URL: http://localhost:5003","service":"api-gateway","timestamp":"2025-09-13 23:31:28"}
{"level":"info","message":"MealPlan service URL: http://localhost:5004","service":"api-gateway","timestamp":"2025-09-13 23:31:28"}
{"level":"info","message":"Shopping service URL: http://localhost:5006","service":"api-gateway","timestamp":"2025-09-13 23:31:28"}
{"level":"info","message":"Gateway đang chạy tại cổng 5000","service":"api-gateway","timestamp":"2025-09-13 23:31:36"}
{"level":"info","message":"Auth service URL: http://localhost:5001","service":"api-gateway","timestamp":"2025-09-13 23:31:36"}
{"level":"info","message":"User service URL: http://localhost:5007","service":"api-gateway","timestamp":"2025-09-13 23:31:36"}
{"level":"info","message":"Recipe service URL: http://localhost:5005","service":"api-gateway","timestamp":"2025-09-13 23:31:36"}
{"level":"info","message":"Ingredient service URL: http://localhost:5002","service":"api-gateway","timestamp":"2025-09-13 23:31:36"}
{"level":"info","message":"Meal service URL: http://localhost:5003","service":"api-gateway","timestamp":"2025-09-13 23:31:36"}
{"level":"info","message":"MealPlan service URL: http://localhost:5004","service":"api-gateway","timestamp":"2025-09-13 23:31:36"}
{"level":"info","message":"Shopping service URL: http://localhost:5006","service":"api-gateway","timestamp":"2025-09-13 23:31:36"}
{"level":"info","message":"Gateway đang chạy tại cổng 5000","service":"api-gateway","timestamp":"2025-09-13 23:31:43"}
{"level":"info","message":"Auth service URL: http://localhost:5001","service":"api-gateway","timestamp":"2025-09-13 23:31:43"}
{"level":"info","message":"User service URL: http://localhost:5007","service":"api-gateway","timestamp":"2025-09-13 23:31:43"}
{"level":"info","message":"Recipe service URL: http://localhost:5005","service":"api-gateway","timestamp":"2025-09-13 23:31:43"}
{"level":"info","message":"Ingredient service URL: http://localhost:5002","service":"api-gateway","timestamp":"2025-09-13 23:31:43"}
{"level":"info","message":"Meal service URL: http://localhost:5003","service":"api-gateway","timestamp":"2025-09-13 23:31:43"}
{"level":"info","message":"MealPlan service URL: http://localhost:5004","service":"api-gateway","timestamp":"2025-09-13 23:31:43"}
{"level":"info","message":"Shopping service URL: http://localhost:5006","service":"api-gateway","timestamp":"2025-09-13 23:31:43"}
{"level":"info","message":"Gateway đang chạy tại cổng 5000","service":"api-gateway","timestamp":"2025-09-13 23:31:49"}
{"level":"info","message":"Auth service URL: http://localhost:5001","service":"api-gateway","timestamp":"2025-09-13 23:31:49"}
{"level":"info","message":"User service URL: http://localhost:5007","service":"api-gateway","timestamp":"2025-09-13 23:31:49"}
{"level":"info","message":"Recipe service URL: http://localhost:5005","service":"api-gateway","timestamp":"2025-09-13 23:31:49"}
{"level":"info","message":"Ingredient service URL: http://localhost:5002","service":"api-gateway","timestamp":"2025-09-13 23:31:49"}
{"level":"info","message":"Meal service URL: http://localhost:5003","service":"api-gateway","timestamp":"2025-09-13 23:31:49"}
{"level":"info","message":"MealPlan service URL: http://localhost:5004","service":"api-gateway","timestamp":"2025-09-13 23:31:49"}
{"level":"info","message":"Shopping service URL: http://localhost:5006","service":"api-gateway","timestamp":"2025-09-13 23:31:49"}
{"level":"info","message":"Gateway đang chạy tại cổng 5000","service":"api-gateway","timestamp":"2025-09-14 00:39:02"}
{"level":"info","message":"Auth service URL: http://localhost:5001","service":"api-gateway","timestamp":"2025-09-14 00:39:02"}
{"level":"info","message":"User service URL: http://localhost:5007","service":"api-gateway","timestamp":"2025-09-14 00:39:02"}
{"level":"info","message":"Recipe service URL: http://localhost:5005","service":"api-gateway","timestamp":"2025-09-14 00:39:02"}
{"level":"info","message":"Ingredient service URL: http://localhost:5002","service":"api-gateway","timestamp":"2025-09-14 00:39:02"}
{"level":"info","message":"Meal service URL: http://localhost:5003","service":"api-gateway","timestamp":"2025-09-14 00:39:02"}
{"level":"info","message":"MealPlan service URL: http://localhost:5004","service":"api-gateway","timestamp":"2025-09-14 00:39:02"}
{"level":"info","message":"Shopping service URL: http://localhost:5006","service":"api-gateway","timestamp":"2025-09-14 00:39:02"}
{"level":"info","message":"::1 - - [13/Sep/2025:17:39:20 +0000] \"POST /api/auth/login-admin HTTP/1.1\" 200 340 \"-\" \"PostmanRuntime/7.46.0\"","service":"api-gateway","timestamp":"2025-09-14 00:39:20"}
{"level":"info","message":"::1 - - [13/Sep/2025:17:39:55 +0000] \"POST /api/ingredient/ HTTP/1.1\" 404 155 \"-\" \"PostmanRuntime/7.46.0\"","service":"api-gateway","timestamp":"2025-09-14 00:39:55"}
{"level":"info","message":"::1 - - [13/Sep/2025:17:40:00 +0000] \"GET /api/ingredient/ HTTP/1.1\" 200 84 \"-\" \"PostmanRuntime/7.46.0\"","service":"api-gateway","timestamp":"2025-09-14 00:40:00"}
{"level":"info","message":"Gateway đang chạy tại cổng 5000","service":"api-gateway","timestamp":"2025-09-17 20:58:47"}
{"level":"info","message":"Auth service URL: http://localhost:5001","service":"api-gateway","timestamp":"2025-09-17 20:58:47"}
{"level":"info","message":"User service URL: http://localhost:5007","service":"api-gateway","timestamp":"2025-09-17 20:58:47"}
{"level":"info","message":"Recipe service URL: http://localhost:5005","service":"api-gateway","timestamp":"2025-09-17 20:58:47"}
{"level":"info","message":"Ingredient service URL: http://localhost:5002","service":"api-gateway","timestamp":"2025-09-17 20:58:47"}
{"level":"info","message":"Meal service URL: http://localhost:5003","service":"api-gateway","timestamp":"2025-09-17 20:58:47"}
{"level":"info","message":"MealPlan service URL: http://localhost:5004","service":"api-gateway","timestamp":"2025-09-17 20:58:47"}
{"level":"info","message":"Shopping service URL: http://localhost:5006","service":"api-gateway","timestamp":"2025-09-17 20:58:47"}
{"level":"info","message":"Gateway đang chạy tại cổng 5000","service":"api-gateway","timestamp":"2025-09-29 19:43:14"}
{"level":"info","message":"Auth service URL: http://localhost:5001","service":"api-gateway","timestamp":"2025-09-29 19:43:14"}
{"level":"info","message":"User service URL: http://localhost:5007","service":"api-gateway","timestamp":"2025-09-29 19:43:14"}
{"level":"info","message":"Recipe service URL: http://localhost:5005","service":"api-gateway","timestamp":"2025-09-29 19:43:14"}
{"level":"info","message":"Ingredient service URL: http://localhost:5002","service":"api-gateway","timestamp":"2025-09-29 19:43:14"}
{"level":"info","message":"Meal service URL: http://localhost:5003","service":"api-gateway","timestamp":"2025-09-29 19:43:14"}
{"level":"info","message":"MealPlan service URL: http://localhost:5004","service":"api-gateway","timestamp":"2025-09-29 19:43:14"}
{"level":"info","message":"Shopping service URL: http://localhost:5006","service":"api-gateway","timestamp":"2025-09-29 19:43:14"}
{"level":"info","message":"::1 - - [29/Sep/2025:12:50:39 +0000] \"POST /api/auth/login-admin HTTP/1.1\" 200 340 \"http://localhost:5173/\" \"Mozilla/5.0 (Windows NT 10.0; Win64; x64) AppleWebKit/537.36 (KHTML, like Gecko) Chrome/139.0.0.0 Safari/537.36\"","service":"api-gateway","timestamp":"2025-09-29 19:50:39"}
{"level":"info","message":"::1 - - [29/Sep/2025:12:50:39 +0000] \"GET /api/auth/check-token HTTP/1.1\" 200 855 \"http://localhost:5173/\" \"Mozilla/5.0 (Windows NT 10.0; Win64; x64) AppleWebKit/537.36 (KHTML, like Gecko) Chrome/139.0.0.0 Safari/537.36\"","service":"api-gateway","timestamp":"2025-09-29 19:50:39"}
{"level":"info","message":"::1 - - [29/Sep/2025:12:54:36 +0000] \"GET /api/auth/check-token HTTP/1.1\" 304 - \"http://localhost:5173/\" \"Mozilla/5.0 (Windows NT 10.0; Win64; x64) AppleWebKit/537.36 (KHTML, like Gecko) Chrome/139.0.0.0 Safari/537.36\"","service":"api-gateway","timestamp":"2025-09-29 19:54:36"}
{"level":"info","message":"::1 - - [29/Sep/2025:12:54:36 +0000] \"GET /api/auth/check-token HTTP/1.1\" 304 - \"http://localhost:5173/\" \"Mozilla/5.0 (Windows NT 10.0; Win64; x64) AppleWebKit/537.36 (KHTML, like Gecko) Chrome/139.0.0.0 Safari/537.36\"","service":"api-gateway","timestamp":"2025-09-29 19:54:36"}
{"level":"info","message":"::1 - - [29/Sep/2025:13:06:05 +0000] \"GET /api/auth/check-token HTTP/1.1\" 304 - \"http://localhost:5173/\" \"Mozilla/5.0 (Windows NT 10.0; Win64; x64) AppleWebKit/537.36 (KHTML, like Gecko) Chrome/139.0.0.0 Safari/537.36\"","service":"api-gateway","timestamp":"2025-09-29 20:06:05"}
{"level":"info","message":"::1 - - [29/Sep/2025:13:06:05 +0000] \"GET /api/auth/check-token HTTP/1.1\" 304 - \"http://localhost:5173/\" \"Mozilla/5.0 (Windows NT 10.0; Win64; x64) AppleWebKit/537.36 (KHTML, like Gecko) Chrome/139.0.0.0 Safari/537.36\"","service":"api-gateway","timestamp":"2025-09-29 20:06:05"}
{"level":"info","message":"::1 - - [29/Sep/2025:13:34:55 +0000] \"GET /api/auth/check-token HTTP/1.1\" 304 - \"http://localhost:5173/\" \"Mozilla/5.0 (Windows NT 10.0; Win64; x64) AppleWebKit/537.36 (KHTML, like Gecko) Chrome/139.0.0.0 Safari/537.36\"","service":"api-gateway","timestamp":"2025-09-29 20:34:55"}
{"level":"info","message":"::1 - - [29/Sep/2025:13:34:55 +0000] \"GET /api/auth/check-token HTTP/1.1\" 304 - \"http://localhost:5173/\" \"Mozilla/5.0 (Windows NT 10.0; Win64; x64) AppleWebKit/537.36 (KHTML, like Gecko) Chrome/139.0.0.0 Safari/537.36\"","service":"api-gateway","timestamp":"2025-09-29 20:34:55"}
{"level":"info","message":"::1 - - [29/Sep/2025:13:41:36 +0000] \"GET /api/auth/check-token HTTP/1.1\" 304 - \"http://localhost:5173/\" \"Mozilla/5.0 (Windows NT 10.0; Win64; x64) AppleWebKit/537.36 (KHTML, like Gecko) Chrome/139.0.0.0 Safari/537.36\"","service":"api-gateway","timestamp":"2025-09-29 20:41:36"}
{"level":"info","message":"::1 - - [29/Sep/2025:13:41:36 +0000] \"GET /api/auth/check-token HTTP/1.1\" 304 - \"http://localhost:5173/\" \"Mozilla/5.0 (Windows NT 10.0; Win64; x64) AppleWebKit/537.36 (KHTML, like Gecko) Chrome/139.0.0.0 Safari/537.36\"","service":"api-gateway","timestamp":"2025-09-29 20:41:36"}
{"level":"info","message":"::1 - - [29/Sep/2025:13:45:29 +0000] \"GET /api/auth/check-token HTTP/1.1\" 304 - \"http://localhost:5173/\" \"Mozilla/5.0 (Windows NT 10.0; Win64; x64) AppleWebKit/537.36 (KHTML, like Gecko) Chrome/139.0.0.0 Safari/537.36\"","service":"api-gateway","timestamp":"2025-09-29 20:45:29"}
{"level":"info","message":"::1 - - [29/Sep/2025:13:45:29 +0000] \"GET /api/auth/check-token HTTP/1.1\" 304 - \"http://localhost:5173/\" \"Mozilla/5.0 (Windows NT 10.0; Win64; x64) AppleWebKit/537.36 (KHTML, like Gecko) Chrome/139.0.0.0 Safari/537.36\"","service":"api-gateway","timestamp":"2025-09-29 20:45:29"}
{"level":"info","message":"::1 - - [29/Sep/2025:13:46:27 +0000] \"GET /api/auth/check-token HTTP/1.1\" 304 - \"http://localhost:5173/\" \"Mozilla/5.0 (Windows NT 10.0; Win64; x64) AppleWebKit/537.36 (KHTML, like Gecko) Chrome/139.0.0.0 Safari/537.36\"","service":"api-gateway","timestamp":"2025-09-29 20:46:27"}
{"level":"info","message":"::1 - - [29/Sep/2025:14:07:41 +0000] \"GET /api/auth/check-token HTTP/1.1\" 304 - \"http://localhost:5173/\" \"Mozilla/5.0 (Windows NT 10.0; Win64; x64) AppleWebKit/537.36 (KHTML, like Gecko) Chrome/139.0.0.0 Safari/537.36\"","service":"api-gateway","timestamp":"2025-09-29 21:07:41"}
{"level":"info","message":"::1 - - [29/Sep/2025:14:11:10 +0000] \"GET /api/auth/check-token HTTP/1.1\" 304 - \"http://localhost:5173/\" \"Mozilla/5.0 (Windows NT 10.0; Win64; x64) AppleWebKit/537.36 (KHTML, like Gecko) Chrome/139.0.0.0 Safari/537.36\"","service":"api-gateway","timestamp":"2025-09-29 21:11:10"}
{"level":"info","message":"Gateway đang chạy tại cổng 5000","service":"api-gateway","timestamp":"2025-09-29 22:10:06"}
{"level":"info","message":"Auth service URL: http://localhost:5001","service":"api-gateway","timestamp":"2025-09-29 22:10:06"}
{"level":"info","message":"User service URL: http://localhost:5007","service":"api-gateway","timestamp":"2025-09-29 22:10:06"}
{"level":"info","message":"Recipe service URL: http://localhost:5005","service":"api-gateway","timestamp":"2025-09-29 22:10:06"}
{"level":"info","message":"Ingredient service URL: http://localhost:5002","service":"api-gateway","timestamp":"2025-09-29 22:10:06"}
{"level":"info","message":"Meal service URL: http://localhost:5003","service":"api-gateway","timestamp":"2025-09-29 22:10:06"}
{"level":"info","message":"MealPlan service URL: http://localhost:5004","service":"api-gateway","timestamp":"2025-09-29 22:10:06"}
{"level":"info","message":"Shopping service URL: http://localhost:5006","service":"api-gateway","timestamp":"2025-09-29 22:10:06"}
{"level":"info","message":"::1 - - [29/Sep/2025:15:10:11 +0000] \"POST /api/auth/login-admin HTTP/1.1\" 200 379 \"http://localhost:5173/\" \"Mozilla/5.0 (Windows NT 10.0; Win64; x64) AppleWebKit/537.36 (KHTML, like Gecko) Chrome/140.0.0.0 Safari/537.36\"","service":"api-gateway","timestamp":"2025-09-29 22:10:11"}
{"level":"info","message":"::1 - - [29/Sep/2025:15:10:12 +0000] \"GET /api/auth/check-token HTTP/1.1\" 200 938 \"http://localhost:5173/\" \"Mozilla/5.0 (Windows NT 10.0; Win64; x64) AppleWebKit/537.36 (KHTML, like Gecko) Chrome/140.0.0.0 Safari/537.36\"","service":"api-gateway","timestamp":"2025-09-29 22:10:12"}
{"level":"info","message":"::1 - - [29/Sep/2025:18:59:12 +0000] \"GET /api/auth/check-token HTTP/1.1\" 304 - \"http://localhost:5173/\" \"Mozilla/5.0 (Windows NT 10.0; Win64; x64) AppleWebKit/537.36 (KHTML, like Gecko) Chrome/140.0.0.0 Safari/537.36\"","service":"api-gateway","timestamp":"2025-09-30 01:59:12"}
{"level":"info","message":"::1 - - [29/Sep/2025:23:37:00 +0000] \"GET /api/auth/check-token HTTP/1.1\" 304 - \"http://localhost:5173/\" \"Mozilla/5.0 (Windows NT 10.0; Win64; x64) AppleWebKit/537.36 (KHTML, like Gecko) Chrome/140.0.0.0 Safari/537.36\"","service":"api-gateway","timestamp":"2025-09-30 06:37:00"}
{"level":"info","message":"::1 - - [29/Sep/2025:23:37:02 +0000] \"GET /api/auth/check-token HTTP/1.1\" 304 - \"http://localhost:5173/\" \"Mozilla/5.0 (Windows NT 10.0; Win64; x64) AppleWebKit/537.36 (KHTML, like Gecko) Chrome/140.0.0.0 Safari/537.36\"","service":"api-gateway","timestamp":"2025-09-30 06:37:02"}
{"level":"info","message":"Gateway đang chạy tại cổng 5000","service":"api-gateway","timestamp":"2025-10-02 15:35:05"}
{"level":"info","message":"Auth service URL: http://localhost:5001","service":"api-gateway","timestamp":"2025-10-02 15:35:05"}
{"level":"info","message":"User service URL: http://localhost:5007","service":"api-gateway","timestamp":"2025-10-02 15:35:05"}
{"level":"info","message":"Recipe service URL: http://localhost:5005","service":"api-gateway","timestamp":"2025-10-02 15:35:05"}
{"level":"info","message":"Ingredient service URL: http://localhost:5002","service":"api-gateway","timestamp":"2025-10-02 15:35:05"}
{"level":"info","message":"Meal service URL: http://localhost:5003","service":"api-gateway","timestamp":"2025-10-02 15:35:05"}
{"level":"info","message":"MealPlan service URL: http://localhost:5004","service":"api-gateway","timestamp":"2025-10-02 15:35:05"}
{"level":"info","message":"Shopping service URL: http://localhost:5006","service":"api-gateway","timestamp":"2025-10-02 15:35:05"}
{"level":"info","message":"::1 - - [02/Oct/2025:08:35:31 +0000] \"POST /api/auth/login-admin HTTP/1.1\" 200 379 \"http://localhost:5173/\" \"Mozilla/5.0 (Windows NT 10.0; Win64; x64) AppleWebKit/537.36 (KHTML, like Gecko) Chrome/140.0.0.0 Safari/537.36\"","service":"api-gateway","timestamp":"2025-10-02 15:35:31"}
{"level":"info","message":"::1 - - [02/Oct/2025:08:35:31 +0000] \"GET /api/auth/check-token HTTP/1.1\" 304 - \"http://localhost:5173/\" \"Mozilla/5.0 (Windows NT 10.0; Win64; x64) AppleWebKit/537.36 (KHTML, like Gecko) Chrome/140.0.0.0 Safari/537.36\"","service":"api-gateway","timestamp":"2025-10-02 15:35:31"}
{"level":"info","message":"::1 - - [02/Oct/2025:08:43:16 +0000] \"GET /api/auth/check-token HTTP/1.1\" 304 - \"http://localhost:5173/\" \"Mozilla/5.0 (Windows NT 10.0; Win64; x64) AppleWebKit/537.36 (KHTML, like Gecko) Chrome/140.0.0.0 Safari/537.36\"","service":"api-gateway","timestamp":"2025-10-02 15:43:16"}
{"level":"info","message":"::1 - - [02/Oct/2025:09:05:17 +0000] \"GET /api/auth/check-token HTTP/1.1\" 304 - \"http://localhost:5173/\" \"Mozilla/5.0 (Windows NT 10.0; Win64; x64) AppleWebKit/537.36 (KHTML, like Gecko) Chrome/140.0.0.0 Safari/537.36\"","service":"api-gateway","timestamp":"2025-10-02 16:05:17"}
{"level":"info","message":"::1 - - [02/Oct/2025:09:35:30 +0000] \"GET /api/auth/check-token HTTP/1.1\" 304 - \"http://localhost:5173/\" \"Mozilla/5.0 (Windows NT 10.0; Win64; x64) AppleWebKit/537.36 (KHTML, like Gecko) Chrome/140.0.0.0 Safari/537.36\"","service":"api-gateway","timestamp":"2025-10-02 16:35:30"}
{"level":"info","message":"::1 - - [02/Oct/2025:09:35:50 +0000] \"GET /api/auth/check-token HTTP/1.1\" 304 - \"http://localhost:5173/\" \"Mozilla/5.0 (Windows NT 10.0; Win64; x64) AppleWebKit/537.36 (KHTML, like Gecko) Chrome/140.0.0.0 Safari/537.36\"","service":"api-gateway","timestamp":"2025-10-02 16:35:50"}
{"level":"info","message":"::1 - - [02/Oct/2025:09:35:55 +0000] \"GET /api/auth/check-token HTTP/1.1\" 304 - \"http://localhost:5173/\" \"Mozilla/5.0 (Windows NT 10.0; Win64; x64) AppleWebKit/537.36 (KHTML, like Gecko) Chrome/140.0.0.0 Safari/537.36\"","service":"api-gateway","timestamp":"2025-10-02 16:35:55"}
{"level":"info","message":"::1 - - [02/Oct/2025:09:45:56 +0000] \"GET /api/auth/check-token HTTP/1.1\" 304 - \"http://localhost:5173/\" \"Mozilla/5.0 (Windows NT 10.0; Win64; x64) AppleWebKit/537.36 (KHTML, like Gecko) Chrome/140.0.0.0 Safari/537.36\"","service":"api-gateway","timestamp":"2025-10-02 16:45:56"}
{"level":"info","message":"::1 - - [02/Oct/2025:09:49:49 +0000] \"GET /api/auth/check-token HTTP/1.1\" 304 - \"http://localhost:5173/\" \"Mozilla/5.0 (Windows NT 10.0; Win64; x64) AppleWebKit/537.36 (KHTML, like Gecko) Chrome/140.0.0.0 Safari/537.36\"","service":"api-gateway","timestamp":"2025-10-02 16:49:49"}
{"level":"info","message":"::1 - - [02/Oct/2025:10:30:59 +0000] \"GET /api/auth/check-token HTTP/1.1\" 304 - \"http://localhost:5173/\" \"Mozilla/5.0 (Windows NT 10.0; Win64; x64) AppleWebKit/537.36 (KHTML, like Gecko) Chrome/140.0.0.0 Safari/537.36\"","service":"api-gateway","timestamp":"2025-10-02 17:30:59"}
{"level":"info","message":"::1 - - [02/Oct/2025:10:31:14 +0000] \"GET /api/auth/check-token HTTP/1.1\" 304 - \"http://localhost:5173/\" \"Mozilla/5.0 (Windows NT 10.0; Win64; x64) AppleWebKit/537.36 (KHTML, like Gecko) Chrome/140.0.0.0 Safari/537.36\"","service":"api-gateway","timestamp":"2025-10-02 17:31:14"}
{"level":"info","message":"::1 - - [02/Oct/2025:10:46:15 +0000] \"GET /api/auth/check-token HTTP/1.1\" 304 - \"http://localhost:5173/\" \"Mozilla/5.0 (Windows NT 10.0; Win64; x64) AppleWebKit/537.36 (KHTML, like Gecko) Chrome/140.0.0.0 Safari/537.36\"","service":"api-gateway","timestamp":"2025-10-02 17:46:15"}
{"level":"info","message":"::1 - - [02/Oct/2025:10:48:02 +0000] \"GET /api/auth/check-token HTTP/1.1\" 304 - \"http://localhost:5173/\" \"Mozilla/5.0 (Windows NT 10.0; Win64; x64) AppleWebKit/537.36 (KHTML, like Gecko) Chrome/140.0.0.0 Safari/537.36\"","service":"api-gateway","timestamp":"2025-10-02 17:48:02"}
{"level":"info","message":"::1 - - [02/Oct/2025:10:48:49 +0000] \"GET /api/auth/check-token HTTP/1.1\" 304 - \"http://localhost:5173/\" \"Mozilla/5.0 (Windows NT 10.0; Win64; x64) AppleWebKit/537.36 (KHTML, like Gecko) Chrome/140.0.0.0 Safari/537.36\"","service":"api-gateway","timestamp":"2025-10-02 17:48:49"}
{"level":"info","message":"::1 - - [02/Oct/2025:10:50:10 +0000] \"GET /api/auth/check-token HTTP/1.1\" 304 - \"http://localhost:5173/\" \"Mozilla/5.0 (Windows NT 10.0; Win64; x64) AppleWebKit/537.36 (KHTML, like Gecko) Chrome/140.0.0.0 Safari/537.36\"","service":"api-gateway","timestamp":"2025-10-02 17:50:10"}
{"level":"info","message":"Gateway đang chạy tại cổng 5000","service":"api-gateway","timestamp":"2025-10-03 18:53:22"}
{"level":"info","message":"Auth service URL: http://localhost:5001","service":"api-gateway","timestamp":"2025-10-03 18:53:22"}
{"level":"info","message":"User service URL: http://localhost:5007","service":"api-gateway","timestamp":"2025-10-03 18:53:22"}
{"level":"info","message":"Recipe service URL: http://localhost:5005","service":"api-gateway","timestamp":"2025-10-03 18:53:22"}
{"level":"info","message":"Ingredient service URL: http://localhost:5002","service":"api-gateway","timestamp":"2025-10-03 18:53:22"}
{"level":"info","message":"Meal service URL: http://localhost:5003","service":"api-gateway","timestamp":"2025-10-03 18:53:22"}
{"level":"info","message":"MealPlan service URL: http://localhost:5004","service":"api-gateway","timestamp":"2025-10-03 18:53:22"}
{"level":"info","message":"Shopping service URL: http://localhost:5006","service":"api-gateway","timestamp":"2025-10-03 18:53:22"}
{"level":"info","message":"::1 - - [03/Oct/2025:11:54:24 +0000] \"POST /api/auth/login-admin HTTP/1.1\" 200 340 \"http://localhost:5173/\" \"Mozilla/5.0 (Windows NT 10.0; Win64; x64) AppleWebKit/537.36 (KHTML, like Gecko) Chrome/139.0.0.0 Safari/537.36\"","service":"api-gateway","timestamp":"2025-10-03 18:54:24"}
{"level":"info","message":"::1 - - [03/Oct/2025:11:54:24 +0000] \"GET /api/auth/check-token HTTP/1.1\" 304 - \"http://localhost:5173/\" \"Mozilla/5.0 (Windows NT 10.0; Win64; x64) AppleWebKit/537.36 (KHTML, like Gecko) Chrome/139.0.0.0 Safari/537.36\"","service":"api-gateway","timestamp":"2025-10-03 18:54:24"}
{"level":"info","message":"Gateway đang chạy tại cổng 5000","service":"api-gateway","timestamp":"2025-10-05 17:40:53"}
{"level":"info","message":"Auth service URL: http://localhost:5001","service":"api-gateway","timestamp":"2025-10-05 17:40:53"}
{"level":"info","message":"User service URL: http://localhost:5007","service":"api-gateway","timestamp":"2025-10-05 17:40:53"}
{"level":"info","message":"Recipe service URL: http://localhost:5005","service":"api-gateway","timestamp":"2025-10-05 17:40:53"}
{"level":"info","message":"Ingredient service URL: http://localhost:5002","service":"api-gateway","timestamp":"2025-10-05 17:40:53"}
{"level":"info","message":"Meal service URL: http://localhost:5003","service":"api-gateway","timestamp":"2025-10-05 17:40:53"}
{"level":"info","message":"MealPlan service URL: http://localhost:5004","service":"api-gateway","timestamp":"2025-10-05 17:40:53"}
{"level":"info","message":"Shopping service URL: http://localhost:5006","service":"api-gateway","timestamp":"2025-10-05 17:40:53"}
{"level":"info","message":"::1 - - [05/Oct/2025:10:42:33 +0000] \"GET /api/auth/check-token HTTP/1.1\" 304 - \"http://localhost:5173/\" \"Mozilla/5.0 (Windows NT 10.0; Win64; x64) AppleWebKit/537.36 (KHTML, like Gecko) Chrome/139.0.0.0 Safari/537.36\"","service":"api-gateway","timestamp":"2025-10-05 17:42:33"}
{"level":"info","message":"::1 - - [05/Oct/2025:10:42:36 +0000] \"GET /api/auth/check-token HTTP/1.1\" 304 - \"http://localhost:5173/\" \"Mozilla/5.0 (Windows NT 10.0; Win64; x64) AppleWebKit/537.36 (KHTML, like Gecko) Chrome/139.0.0.0 Safari/537.36\"","service":"api-gateway","timestamp":"2025-10-05 17:42:36"}
{"level":"info","message":"::1 - - [05/Oct/2025:10:50:46 +0000] \"GET /api/auth/check-token HTTP/1.1\" 304 - \"http://localhost:5173/\" \"Mozilla/5.0 (Windows NT 10.0; Win64; x64) AppleWebKit/537.36 (KHTML, like Gecko) Chrome/139.0.0.0 Safari/537.36\"","service":"api-gateway","timestamp":"2025-10-05 17:50:46"}
{"level":"info","message":"::1 - - [05/Oct/2025:10:50:57 +0000] \"GET /api/auth/check-token HTTP/1.1\" 304 - \"http://localhost:5173/\" \"Mozilla/5.0 (Windows NT 10.0; Win64; x64) AppleWebKit/537.36 (KHTML, like Gecko) Chrome/139.0.0.0 Safari/537.36\"","service":"api-gateway","timestamp":"2025-10-05 17:50:57"}
{"level":"info","message":"::1 - - [05/Oct/2025:13:55:54 +0000] \"POST /api/auth/login-admin HTTP/1.1\" 404 54 \"http://localhost:5173/\" \"Mozilla/5.0 (Windows NT 10.0; Win64; x64) AppleWebKit/537.36 (KHTML, like Gecko) Chrome/139.0.0.0 Safari/537.36\"","service":"api-gateway","timestamp":"2025-10-05 20:55:54"}
{"level":"info","message":"::1 - - [05/Oct/2025:13:55:58 +0000] \"POST /api/auth/login-admin HTTP/1.1\" 401 57 \"http://localhost:5173/\" \"Mozilla/5.0 (Windows NT 10.0; Win64; x64) AppleWebKit/537.36 (KHTML, like Gecko) Chrome/139.0.0.0 Safari/537.36\"","service":"api-gateway","timestamp":"2025-10-05 20:55:58"}
{"level":"info","message":"::1 - - [05/Oct/2025:13:56:00 +0000] \"POST /api/auth/login-admin HTTP/1.1\" 401 57 \"http://localhost:5173/\" \"Mozilla/5.0 (Windows NT 10.0; Win64; x64) AppleWebKit/537.36 (KHTML, like Gecko) Chrome/139.0.0.0 Safari/537.36\"","service":"api-gateway","timestamp":"2025-10-05 20:56:00"}
{"level":"info","message":"::1 - - [05/Oct/2025:13:56:02 +0000] \"POST /api/auth/login-admin HTTP/1.1\" 401 57 \"http://localhost:5173/\" \"Mozilla/5.0 (Windows NT 10.0; Win64; x64) AppleWebKit/537.36 (KHTML, like Gecko) Chrome/139.0.0.0 Safari/537.36\"","service":"api-gateway","timestamp":"2025-10-05 20:56:02"}
{"level":"info","message":"::1 - - [05/Oct/2025:17:34:25 +0000] \"POST /api/auth/login-admin HTTP/1.1\" 200 340 \"http://localhost:5173/\" \"Mozilla/5.0 (Windows NT 10.0; Win64; x64) AppleWebKit/537.36 (KHTML, like Gecko) Chrome/139.0.0.0 Safari/537.36\"","service":"api-gateway","timestamp":"2025-10-06 00:34:25"}
{"level":"info","message":"::1 - - [05/Oct/2025:17:34:26 +0000] \"GET /api/auth/check-token HTTP/1.1\" 304 - \"http://localhost:5173/\" \"Mozilla/5.0 (Windows NT 10.0; Win64; x64) AppleWebKit/537.36 (KHTML, like Gecko) Chrome/139.0.0.0 Safari/537.36\"","service":"api-gateway","timestamp":"2025-10-06 00:34:26"}
{"level":"info","message":"::1 - - [05/Oct/2025:17:36:59 +0000] \"GET /api/auth/check-token HTTP/1.1\" 304 - \"http://localhost:5173/\" \"Mozilla/5.0 (Windows NT 10.0; Win64; x64) AppleWebKit/537.36 (KHTML, like Gecko) Chrome/139.0.0.0 Safari/537.36\"","service":"api-gateway","timestamp":"2025-10-06 00:36:59"}
{"level":"info","message":"::1 - - [05/Oct/2025:17:41:45 +0000] \"GET /api/auth/check-token HTTP/1.1\" 304 - \"http://localhost:5173/\" \"Mozilla/5.0 (Windows NT 10.0; Win64; x64) AppleWebKit/537.36 (KHTML, like Gecko) Chrome/139.0.0.0 Safari/537.36\"","service":"api-gateway","timestamp":"2025-10-06 00:41:45"}
{"level":"info","message":"::1 - - [05/Oct/2025:17:45:38 +0000] \"GET /api/api/meals/diet-types?page=1&limit=10 HTTP/1.1\" 404 109 \"http://localhost:5173/\" \"Mozilla/5.0 (Windows NT 10.0; Win64; x64) AppleWebKit/537.36 (KHTML, like Gecko) Chrome/139.0.0.0 Safari/537.36\"","service":"api-gateway","timestamp":"2025-10-06 00:45:38"}
{"level":"warn","message":"Thiếu token hoặc định dạng không đúng","service":"api-gateway","timestamp":"2025-10-06 00:46:15"}
{"level":"info","message":"::1 - - [05/Oct/2025:17:46:15 +0000] \"GET /api/meals/diet-types?page=1&limit=10 HTTP/1.1\" 401 81 \"http://localhost:5173/\" \"Mozilla/5.0 (Windows NT 10.0; Win64; x64) AppleWebKit/537.36 (KHTML, like Gecko) Chrome/139.0.0.0 Safari/537.36\"","service":"api-gateway","timestamp":"2025-10-06 00:46:15"}
{"level":"info","message":"::1 - - [05/Oct/2025:17:46:15 +0000] \"GET /api/auth/check-token HTTP/1.1\" 304 - \"http://localhost:5173/\" \"Mozilla/5.0 (Windows NT 10.0; Win64; x64) AppleWebKit/537.36 (KHTML, like Gecko) Chrome/139.0.0.0 Safari/537.36\"","service":"api-gateway","timestamp":"2025-10-06 00:46:15"}
{"level":"warn","message":"Thiếu token hoặc định dạng không đúng","service":"api-gateway","timestamp":"2025-10-06 00:46:18"}
{"level":"info","message":"::1 - - [05/Oct/2025:17:46:18 +0000] \"GET /api/meals/diet-types?page=1&limit=10 HTTP/1.1\" 401 81 \"http://localhost:5173/\" \"Mozilla/5.0 (Windows NT 10.0; Win64; x64) AppleWebKit/537.36 (KHTML, like Gecko) Chrome/139.0.0.0 Safari/537.36\"","service":"api-gateway","timestamp":"2025-10-06 00:46:18"}
{"level":"info","message":"::1 - - [05/Oct/2025:17:46:18 +0000] \"GET /api/auth/check-token HTTP/1.1\" 304 - \"http://localhost:5173/\" \"Mozilla/5.0 (Windows NT 10.0; Win64; x64) AppleWebKit/537.36 (KHTML, like Gecko) Chrome/139.0.0.0 Safari/537.36\"","service":"api-gateway","timestamp":"2025-10-06 00:46:18"}
{"level":"warn","message":"Thiếu token hoặc định dạng không đúng","service":"api-gateway","timestamp":"2025-10-06 00:48:40"}
{"level":"info","message":"::1 - - [05/Oct/2025:17:48:40 +0000] \"GET /api/meals/diet-types?page=1&limit=10 HTTP/1.1\" 401 81 \"http://localhost:5173/\" \"Mozilla/5.0 (Windows NT 10.0; Win64; x64) AppleWebKit/537.36 (KHTML, like Gecko) Chrome/139.0.0.0 Safari/537.36\"","service":"api-gateway","timestamp":"2025-10-06 00:48:40"}
{"level":"info","message":"::1 - - [05/Oct/2025:17:48:40 +0000] \"GET /api/auth/check-token HTTP/1.1\" 304 - \"http://localhost:5173/\" \"Mozilla/5.0 (Windows NT 10.0; Win64; x64) AppleWebKit/537.36 (KHTML, like Gecko) Chrome/139.0.0.0 Safari/537.36\"","service":"api-gateway","timestamp":"2025-10-06 00:48:40"}
{"level":"error","message":"Lỗi xác thực: jwt expired","service":"api-gateway","timestamp":"2025-10-06 00:51:40"}
{"level":"info","message":"::1 - - [05/Oct/2025:17:51:40 +0000] \"GET /api/meals/diet-types?page=1&limit=10 HTTP/1.1\" 401 105 \"-\" \"PostmanRuntime/7.46.1\"","service":"api-gateway","timestamp":"2025-10-06 00:51:40"}
{"level":"info","message":"::1 - - [05/Oct/2025:17:51:58 +0000] \"GET /api/auth/login-admin HTTP/1.1\" 404 159 \"-\" \"PostmanRuntime/7.46.1\"","service":"api-gateway","timestamp":"2025-10-06 00:51:58"}
{"level":"info","message":"::1 - - [05/Oct/2025:17:52:07 +0000] \"POST /api/auth/login-admin HTTP/1.1\" 200 340 \"-\" \"PostmanRuntime/7.46.1\"","service":"api-gateway","timestamp":"2025-10-06 00:52:07"}
{"level":"info","message":"::1 - - [05/Oct/2025:17:52:19 +0000] \"GET /api/meals/diet-types?page=1&limit=10 HTTP/1.1\" 200 177 \"-\" \"PostmanRuntime/7.46.1\"","service":"api-gateway","timestamp":"2025-10-06 00:52:19"}
{"level":"info","message":"::1 - - [05/Oct/2025:17:55:32 +0000] \"GET /api/auth/check-token HTTP/1.1\" 304 - \"http://localhost:5173/\" \"Mozilla/5.0 (Windows NT 10.0; Win64; x64) AppleWebKit/537.36 (KHTML, like Gecko) Chrome/139.0.0.0 Safari/537.36\"","service":"api-gateway","timestamp":"2025-10-06 00:55:32"}
{"level":"info","message":"::1 - - [05/Oct/2025:17:57:41 +0000] \"GET /api/meals/diet-types?page=1&limit=10 HTTP/1.1\" 200 177 \"http://localhost:5173/\" \"Mozilla/5.0 (Windows NT 10.0; Win64; x64) AppleWebKit/537.36 (KHTML, like Gecko) Chrome/139.0.0.0 Safari/537.36\"","service":"api-gateway","timestamp":"2025-10-06 00:57:41"}
{"level":"info","message":"::1 - - [05/Oct/2025:17:58:15 +0000] \"GET /api/auth/check-token HTTP/1.1\" 304 - \"http://localhost:5173/\" \"Mozilla/5.0 (Windows NT 10.0; Win64; x64) AppleWebKit/537.36 (KHTML, like Gecko) Chrome/139.0.0.0 Safari/537.36\"","service":"api-gateway","timestamp":"2025-10-06 00:58:15"}
{"level":"info","message":"::1 - - [05/Oct/2025:17:58:15 +0000] \"GET /api/meals/diet-types?page=1&limit=10 HTTP/1.1\" 304 - \"http://localhost:5173/\" \"Mozilla/5.0 (Windows NT 10.0; Win64; x64) AppleWebKit/537.36 (KHTML, like Gecko) Chrome/139.0.0.0 Safari/537.36\"","service":"api-gateway","timestamp":"2025-10-06 00:58:15"}
{"level":"info","message":"::1 - - [05/Oct/2025:17:59:08 +0000] \"GET /api/auth/check-token HTTP/1.1\" 304 - \"http://localhost:5173/\" \"Mozilla/5.0 (Windows NT 10.0; Win64; x64) AppleWebKit/537.36 (KHTML, like Gecko) Chrome/139.0.0.0 Safari/537.36\"","service":"api-gateway","timestamp":"2025-10-06 00:59:08"}
{"level":"info","message":"::1 - - [05/Oct/2025:17:59:08 +0000] \"GET /api/meals/diet-types?page=1&limit=10 HTTP/1.1\" 304 - \"http://localhost:5173/\" \"Mozilla/5.0 (Windows NT 10.0; Win64; x64) AppleWebKit/537.36 (KHTML, like Gecko) Chrome/139.0.0.0 Safari/537.36\"","service":"api-gateway","timestamp":"2025-10-06 00:59:08"}
{"level":"info","message":"::1 - - [05/Oct/2025:17:59:11 +0000] \"GET /api/meals/diet-types?page=1&limit=10 HTTP/1.1\" 304 - \"http://localhost:5173/\" \"Mozilla/5.0 (Windows NT 10.0; Win64; x64) AppleWebKit/537.36 (KHTML, like Gecko) Chrome/139.0.0.0 Safari/537.36\"","service":"api-gateway","timestamp":"2025-10-06 00:59:11"}
{"level":"info","message":"::1 - - [05/Oct/2025:17:59:23 +0000] \"GET /api/auth/check-token HTTP/1.1\" 304 - \"http://localhost:5173/\" \"Mozilla/5.0 (Windows NT 10.0; Win64; x64) AppleWebKit/537.36 (KHTML, like Gecko) Chrome/139.0.0.0 Safari/537.36\"","service":"api-gateway","timestamp":"2025-10-06 00:59:23"}
{"level":"info","message":"::1 - - [05/Oct/2025:17:59:24 +0000] \"GET /api/meals/diet-types?page=1&limit=10 HTTP/1.1\" 304 - \"http://localhost:5173/\" \"Mozilla/5.0 (Windows NT 10.0; Win64; x64) AppleWebKit/537.36 (KHTML, like Gecko) Chrome/139.0.0.0 Safari/537.36\"","service":"api-gateway","timestamp":"2025-10-06 00:59:24"}
{"level":"info","message":"::1 - - [05/Oct/2025:18:02:11 +0000] \"POST /api/meals/add-diet-type HTTP/1.1\" 201 338 \"http://localhost:5173/\" \"Mozilla/5.0 (Windows NT 10.0; Win64; x64) AppleWebKit/537.36 (KHTML, like Gecko) Chrome/139.0.0.0 Safari/537.36\"","service":"api-gateway","timestamp":"2025-10-06 01:02:11"}
{"level":"info","message":"::1 - - [05/Oct/2025:18:02:21 +0000] \"GET /api/auth/check-token HTTP/1.1\" 304 - \"http://localhost:5173/\" \"Mozilla/5.0 (Windows NT 10.0; Win64; x64) AppleWebKit/537.36 (KHTML, like Gecko) Chrome/139.0.0.0 Safari/537.36\"","service":"api-gateway","timestamp":"2025-10-06 01:02:21"}
{"level":"info","message":"::1 - - [05/Oct/2025:18:02:21 +0000] \"GET /api/meals/diet-types?page=1&limit=10 HTTP/1.1\" 200 410 \"http://localhost:5173/\" \"Mozilla/5.0 (Windows NT 10.0; Win64; x64) AppleWebKit/537.36 (KHTML, like Gecko) Chrome/139.0.0.0 Safari/537.36\"","service":"api-gateway","timestamp":"2025-10-06 01:02:21"}
{"level":"info","message":"::1 - - [05/Oct/2025:18:03:20 +0000] \"GET /api/auth/check-token HTTP/1.1\" 304 - \"http://localhost:5173/\" \"Mozilla/5.0 (Windows NT 10.0; Win64; x64) AppleWebKit/537.36 (KHTML, like Gecko) Chrome/139.0.0.0 Safari/537.36\"","service":"api-gateway","timestamp":"2025-10-06 01:03:20"}
{"level":"info","message":"::1 - - [05/Oct/2025:18:03:20 +0000] \"GET /api/meals/diet-types?page=1&limit=10 HTTP/1.1\" 304 - \"http://localhost:5173/\" \"Mozilla/5.0 (Windows NT 10.0; Win64; x64) AppleWebKit/537.36 (KHTML, like Gecko) Chrome/139.0.0.0 Safari/537.36\"","service":"api-gateway","timestamp":"2025-10-06 01:03:20"}
{"level":"info","message":"::1 - - [05/Oct/2025:18:03:25 +0000] \"GET /api/meals/diet-types?page=1&limit=10 HTTP/1.1\" 304 - \"http://localhost:5173/\" \"Mozilla/5.0 (Windows NT 10.0; Win64; x64) AppleWebKit/537.36 (KHTML, like Gecko) Chrome/139.0.0.0 Safari/537.36\"","service":"api-gateway","timestamp":"2025-10-06 01:03:25"}
{"level":"info","message":"::1 - - [05/Oct/2025:18:03:37 +0000] \"GET /api/meals/diet-types?page=1&limit=10 HTTP/1.1\" 304 - \"http://localhost:5173/\" \"Mozilla/5.0 (Windows NT 10.0; Win64; x64) AppleWebKit/537.36 (KHTML, like Gecko) Chrome/139.0.0.0 Safari/537.36\"","service":"api-gateway","timestamp":"2025-10-06 01:03:37"}
{"level":"info","message":"::1 - - [05/Oct/2025:18:03:40 +0000] \"GET /api/auth/check-token HTTP/1.1\" 304 - \"http://localhost:5173/\" \"Mozilla/5.0 (Windows NT 10.0; Win64; x64) AppleWebKit/537.36 (KHTML, like Gecko) Chrome/139.0.0.0 Safari/537.36\"","service":"api-gateway","timestamp":"2025-10-06 01:03:40"}
{"level":"info","message":"::1 - - [05/Oct/2025:18:03:40 +0000] \"GET /api/meals/diet-types?page=1&limit=10 HTTP/1.1\" 304 - \"http://localhost:5173/\" \"Mozilla/5.0 (Windows NT 10.0; Win64; x64) AppleWebKit/537.36 (KHTML, like Gecko) Chrome/139.0.0.0 Safari/537.36\"","service":"api-gateway","timestamp":"2025-10-06 01:03:40"}
{"level":"info","message":"::1 - - [05/Oct/2025:18:03:43 +0000] \"GET /api/auth/check-token HTTP/1.1\" 304 - \"http://localhost:5173/\" \"Mozilla/5.0 (Windows NT 10.0; Win64; x64) AppleWebKit/537.36 (KHTML, like Gecko) Chrome/139.0.0.0 Safari/537.36\"","service":"api-gateway","timestamp":"2025-10-06 01:03:43"}
{"level":"info","message":"::1 - - [05/Oct/2025:18:03:43 +0000] \"GET /api/meals/diet-types?page=1&limit=10 HTTP/1.1\" 304 - \"http://localhost:5173/\" \"Mozilla/5.0 (Windows NT 10.0; Win64; x64) AppleWebKit/537.36 (KHTML, like Gecko) Chrome/139.0.0.0 Safari/537.36\"","service":"api-gateway","timestamp":"2025-10-06 01:03:43"}
{"level":"info","message":"::1 - - [05/Oct/2025:18:05:11 +0000] \"GET /api/meals/diet-types?page=1&limit=10 HTTP/1.1\" 304 - \"http://localhost:5173/\" \"Mozilla/5.0 (Windows NT 10.0; Win64; x64) AppleWebKit/537.36 (KHTML, like Gecko) Chrome/139.0.0.0 Safari/537.36\"","service":"api-gateway","timestamp":"2025-10-06 01:05:11"}
{"level":"info","message":"::1 - - [05/Oct/2025:18:05:19 +0000] \"GET /api/auth/check-token HTTP/1.1\" 304 - \"http://localhost:5173/\" \"Mozilla/5.0 (Windows NT 10.0; Win64; x64) AppleWebKit/537.36 (KHTML, like Gecko) Chrome/139.0.0.0 Safari/537.36\"","service":"api-gateway","timestamp":"2025-10-06 01:05:19"}
{"level":"info","message":"::1 - - [05/Oct/2025:18:05:19 +0000] \"GET /api/meals/diet-types?page=1&limit=10 HTTP/1.1\" 304 - \"http://localhost:5173/\" \"Mozilla/5.0 (Windows NT 10.0; Win64; x64) AppleWebKit/537.36 (KHTML, like Gecko) Chrome/139.0.0.0 Safari/537.36\"","service":"api-gateway","timestamp":"2025-10-06 01:05:19"}
{"level":"info","message":"::1 - - [05/Oct/2025:18:05:30 +0000] \"GET /api/api/meals/diet-types?page=1&limit=10 HTTP/1.1\" 404 109 \"http://localhost:5173/\" \"Mozilla/5.0 (Windows NT 10.0; Win64; x64) AppleWebKit/537.36 (KHTML, like Gecko) Chrome/139.0.0.0 Safari/537.36\"","service":"api-gateway","timestamp":"2025-10-06 01:05:30"}
{"level":"info","message":"::1 - - [05/Oct/2025:18:05:30 +0000] \"GET /api/auth/check-token HTTP/1.1\" 304 - \"http://localhost:5173/\" \"Mozilla/5.0 (Windows NT 10.0; Win64; x64) AppleWebKit/537.36 (KHTML, like Gecko) Chrome/139.0.0.0 Safari/537.36\"","service":"api-gateway","timestamp":"2025-10-06 01:05:30"}
{"level":"info","message":"::1 - - [05/Oct/2025:18:05:36 +0000] \"GET /api/api/meals/diet-types?page=1&limit=10 HTTP/1.1\" 404 109 \"http://localhost:5173/\" \"Mozilla/5.0 (Windows NT 10.0; Win64; x64) AppleWebKit/537.36 (KHTML, like Gecko) Chrome/139.0.0.0 Safari/537.36\"","service":"api-gateway","timestamp":"2025-10-06 01:05:36"}
{"level":"info","message":"::1 - - [05/Oct/2025:18:05:37 +0000] \"GET /api/api/meals/diet-types?page=1&limit=10 HTTP/1.1\" 404 109 \"http://localhost:5173/\" \"Mozilla/5.0 (Windows NT 10.0; Win64; x64) AppleWebKit/537.36 (KHTML, like Gecko) Chrome/139.0.0.0 Safari/537.36\"","service":"api-gateway","timestamp":"2025-10-06 01:05:37"}
{"level":"info","message":"::1 - - [05/Oct/2025:18:05:37 +0000] \"GET /api/auth/check-token HTTP/1.1\" 304 - \"http://localhost:5173/\" \"Mozilla/5.0 (Windows NT 10.0; Win64; x64) AppleWebKit/537.36 (KHTML, like Gecko) Chrome/139.0.0.0 Safari/537.36\"","service":"api-gateway","timestamp":"2025-10-06 01:05:37"}
{"level":"info","message":"::1 - - [05/Oct/2025:18:05:57 +0000] \"GET /api/auth/check-token HTTP/1.1\" 304 - \"http://localhost:5173/\" \"Mozilla/5.0 (Windows NT 10.0; Win64; x64) AppleWebKit/537.36 (KHTML, like Gecko) Chrome/139.0.0.0 Safari/537.36\"","service":"api-gateway","timestamp":"2025-10-06 01:05:57"}
{"level":"info","message":"::1 - - [05/Oct/2025:18:05:57 +0000] \"GET /api/meals/diet-types?page=1&limit=10 HTTP/1.1\" 304 - \"http://localhost:5173/\" \"Mozilla/5.0 (Windows NT 10.0; Win64; x64) AppleWebKit/537.36 (KHTML, like Gecko) Chrome/139.0.0.0 Safari/537.36\"","service":"api-gateway","timestamp":"2025-10-06 01:05:57"}
{"level":"info","message":"::1 - - [05/Oct/2025:18:06:56 +0000] \"GET /api/meals/diet-types?page=1&limit=10 HTTP/1.1\" 304 - \"http://localhost:5173/\" \"Mozilla/5.0 (Windows NT 10.0; Win64; x64) AppleWebKit/537.36 (KHTML, like Gecko) Chrome/139.0.0.0 Safari/537.36\"","service":"api-gateway","timestamp":"2025-10-06 01:06:56"}
{"level":"info","message":"::1 - - [05/Oct/2025:18:07:01 +0000] \"GET /api/auth/check-token HTTP/1.1\" 304 - \"http://localhost:5173/\" \"Mozilla/5.0 (Windows NT 10.0; Win64; x64) AppleWebKit/537.36 (KHTML, like Gecko) Chrome/139.0.0.0 Safari/537.36\"","service":"api-gateway","timestamp":"2025-10-06 01:07:01"}
{"level":"info","message":"::1 - - [05/Oct/2025:18:07:01 +0000] \"GET /api/meals/diet-types?page=1&limit=10 HTTP/1.1\" 304 - \"http://localhost:5173/\" \"Mozilla/5.0 (Windows NT 10.0; Win64; x64) AppleWebKit/537.36 (KHTML, like Gecko) Chrome/139.0.0.0 Safari/537.36\"","service":"api-gateway","timestamp":"2025-10-06 01:07:01"}
{"level":"info","message":"::1 - - [05/Oct/2025:18:07:12 +0000] \"GET /api/meals/diet-types?page=1&limit=10 HTTP/1.1\" 304 - \"http://localhost:5173/\" \"Mozilla/5.0 (Windows NT 10.0; Win64; x64) AppleWebKit/537.36 (KHTML, like Gecko) Chrome/139.0.0.0 Safari/537.36\"","service":"api-gateway","timestamp":"2025-10-06 01:07:12"}
{"level":"info","message":"::1 - - [05/Oct/2025:18:07:29 +0000] \"GET /api/meals/diet-types?page=1&limit=10 HTTP/1.1\" - - \"http://localhost:5173/\" \"Mozilla/5.0 (Windows NT 10.0; Win64; x64) AppleWebKit/537.36 (KHTML, like Gecko) Chrome/139.0.0.0 Safari/537.36\"","service":"api-gateway","timestamp":"2025-10-06 01:07:29"}
{"level":"info","message":"::1 - - [05/Oct/2025:18:07:31 +0000] \"GET /api/auth/check-token HTTP/1.1\" 304 - \"http://localhost:5173/\" \"Mozilla/5.0 (Windows NT 10.0; Win64; x64) AppleWebKit/537.36 (KHTML, like Gecko) Chrome/139.0.0.0 Safari/537.36\"","service":"api-gateway","timestamp":"2025-10-06 01:07:31"}
{"level":"info","message":"::1 - - [05/Oct/2025:18:07:31 +0000] \"GET /api/meals/diet-types?page=1&limit=10 HTTP/1.1\" 200 410 \"http://localhost:5173/\" \"Mozilla/5.0 (Windows NT 10.0; Win64; x64) AppleWebKit/537.36 (KHTML, like Gecko) Chrome/139.0.0.0 Safari/537.36\"","service":"api-gateway","timestamp":"2025-10-06 01:07:31"}
{"level":"info","message":"::1 - - [05/Oct/2025:18:08:24 +0000] \"GET /api/meals/diet-types?page=1&limit=10 HTTP/1.1\" 304 - \"http://localhost:5173/\" \"Mozilla/5.0 (Windows NT 10.0; Win64; x64) AppleWebKit/537.36 (KHTML, like Gecko) Chrome/139.0.0.0 Safari/537.36\"","service":"api-gateway","timestamp":"2025-10-06 01:08:24"}
{"level":"info","message":"::1 - - [05/Oct/2025:18:08:29 +0000] \"GET /api/meals/diet-types?page=1&limit=10 HTTP/1.1\" 304 - \"http://localhost:5173/\" \"Mozilla/5.0 (Windows NT 10.0; Win64; x64) AppleWebKit/537.36 (KHTML, like Gecko) Chrome/139.0.0.0 Safari/537.36\"","service":"api-gateway","timestamp":"2025-10-06 01:08:29"}
{"level":"info","message":"::1 - - [05/Oct/2025:18:08:49 +0000] \"GET /api/auth/check-token HTTP/1.1\" 304 - \"http://localhost:5173/\" \"Mozilla/5.0 (Windows NT 10.0; Win64; x64) AppleWebKit/537.36 (KHTML, like Gecko) Chrome/139.0.0.0 Safari/537.36\"","service":"api-gateway","timestamp":"2025-10-06 01:08:49"}
{"level":"info","message":"::1 - - [05/Oct/2025:18:08:49 +0000] \"GET /api/meals/diet-types?page=1&limit=10 HTTP/1.1\" 304 - \"http://localhost:5173/\" \"Mozilla/5.0 (Windows NT 10.0; Win64; x64) AppleWebKit/537.36 (KHTML, like Gecko) Chrome/139.0.0.0 Safari/537.36\"","service":"api-gateway","timestamp":"2025-10-06 01:08:49"}
{"level":"info","message":"::1 - - [05/Oct/2025:18:09:26 +0000] \"GET /api/meals/diet-types?page=1&limit=10 HTTP/1.1\" 304 - \"http://localhost:5173/\" \"Mozilla/5.0 (Windows NT 10.0; Win64; x64) AppleWebKit/537.36 (KHTML, like Gecko) Chrome/139.0.0.0 Safari/537.36\"","service":"api-gateway","timestamp":"2025-10-06 01:09:26"}
{"level":"info","message":"::1 - - [05/Oct/2025:18:09:46 +0000] \"PUT /api/meals/update-diet-type/68e2b2a3064077d30f8888d3 HTTP/1.1\" 200 345 \"http://localhost:5173/\" \"Mozilla/5.0 (Windows NT 10.0; Win64; x64) AppleWebKit/537.36 (KHTML, like Gecko) Chrome/139.0.0.0 Safari/537.36\"","service":"api-gateway","timestamp":"2025-10-06 01:09:46"}
{"level":"info","message":"::1 - - [05/Oct/2025:18:09:49 +0000] \"GET /api/auth/check-token HTTP/1.1\" 304 - \"http://localhost:5173/\" \"Mozilla/5.0 (Windows NT 10.0; Win64; x64) AppleWebKit/537.36 (KHTML, like Gecko) Chrome/139.0.0.0 Safari/537.36\"","service":"api-gateway","timestamp":"2025-10-06 01:09:49"}
{"level":"info","message":"::1 - - [05/Oct/2025:18:09:49 +0000] \"GET /api/meals/diet-types?page=1&limit=10 HTTP/1.1\" 200 410 \"http://localhost:5173/\" \"Mozilla/5.0 (Windows NT 10.0; Win64; x64) AppleWebKit/537.36 (KHTML, like Gecko) Chrome/139.0.0.0 Safari/537.36\"","service":"api-gateway","timestamp":"2025-10-06 01:09:49"}
{"level":"info","message":"::1 - - [05/Oct/2025:18:10:06 +0000] \"PUT /api/meals/update-diet-type/68e2b2a3064077d30f8888d3 HTTP/1.1\" 200 347 \"http://localhost:5173/\" \"Mozilla/5.0 (Windows NT 10.0; Win64; x64) AppleWebKit/537.36 (KHTML, like Gecko) Chrome/139.0.0.0 Safari/537.36\"","service":"api-gateway","timestamp":"2025-10-06 01:10:06"}
{"level":"info","message":"::1 - - [05/Oct/2025:18:12:34 +0000] \"GET /api/meals/diet-types?page=1&limit=10 HTTP/1.1\" 200 412 \"http://localhost:5173/\" \"Mozilla/5.0 (Windows NT 10.0; Win64; x64) AppleWebKit/537.36 (KHTML, like Gecko) Chrome/139.0.0.0 Safari/537.36\"","service":"api-gateway","timestamp":"2025-10-06 01:12:34"}
{"level":"info","message":"::1 - - [05/Oct/2025:18:12:47 +0000] \"GET /api/meals/diet-types?page=1&limit=10 HTTP/1.1\" 304 - \"http://localhost:5173/\" \"Mozilla/5.0 (Windows NT 10.0; Win64; x64) AppleWebKit/537.36 (KHTML, like Gecko) Chrome/139.0.0.0 Safari/537.36\"","service":"api-gateway","timestamp":"2025-10-06 01:12:47"}
{"level":"info","message":"::1 - - [05/Oct/2025:18:12:52 +0000] \"PUT /api/meals/update-diet-type/68e2b2a3064077d30f8888d3 HTTP/1.1\" 200 345 \"http://localhost:5173/\" \"Mozilla/5.0 (Windows NT 10.0; Win64; x64) AppleWebKit/537.36 (KHTML, like Gecko) Chrome/139.0.0.0 Safari/537.36\"","service":"api-gateway","timestamp":"2025-10-06 01:12:52"}
{"level":"warn","message":"Thiếu token hoặc định dạng không đúng","service":"api-gateway","timestamp":"2025-10-06 01:13:15"}
{"level":"info","message":"::1 - - [05/Oct/2025:18:13:15 +0000] \"DELETE /api/meals/delete-diet-type/68e2b2a3064077d30f8888d3 HTTP/1.1\" 401 81 \"http://localhost:5173/\" \"Mozilla/5.0 (Windows NT 10.0; Win64; x64) AppleWebKit/537.36 (KHTML, like Gecko) Chrome/139.0.0.0 Safari/537.36\"","service":"api-gateway","timestamp":"2025-10-06 01:13:15"}
{"level":"warn","message":"Thiếu token hoặc định dạng không đúng","service":"api-gateway","timestamp":"2025-10-06 01:13:38"}
{"level":"info","message":"::1 - - [05/Oct/2025:18:13:38 +0000] \"DELETE /api/meals/delete-diet-type/68e2b2a3064077d30f8888d3 HTTP/1.1\" 401 81 \"http://localhost:5173/\" \"Mozilla/5.0 (Windows NT 10.0; Win64; x64) AppleWebKit/537.36 (KHTML, like Gecko) Chrome/139.0.0.0 Safari/537.36\"","service":"api-gateway","timestamp":"2025-10-06 01:13:38"}
{"level":"info","message":"::1 - - [05/Oct/2025:18:13:57 +0000] \"GET /api/auth/check-token HTTP/1.1\" 304 - \"http://localhost:5173/\" \"Mozilla/5.0 (Windows NT 10.0; Win64; x64) AppleWebKit/537.36 (KHTML, like Gecko) Chrome/139.0.0.0 Safari/537.36\"","service":"api-gateway","timestamp":"2025-10-06 01:13:57"}
{"level":"info","message":"::1 - - [05/Oct/2025:18:13:57 +0000] \"GET /api/meals/diet-types?page=1&limit=10 HTTP/1.1\" 200 410 \"http://localhost:5173/\" \"Mozilla/5.0 (Windows NT 10.0; Win64; x64) AppleWebKit/537.36 (KHTML, like Gecko) Chrome/139.0.0.0 Safari/537.36\"","service":"api-gateway","timestamp":"2025-10-06 01:13:57"}
{"level":"warn","message":"Thiếu token hoặc định dạng không đúng","service":"api-gateway","timestamp":"2025-10-06 01:14:01"}
{"level":"info","message":"::1 - - [05/Oct/2025:18:14:01 +0000] \"DELETE /api/meals/delete-diet-type/68e2b2a3064077d30f8888d3 HTTP/1.1\" 401 81 \"http://localhost:5173/\" \"Mozilla/5.0 (Windows NT 10.0; Win64; x64) AppleWebKit/537.36 (KHTML, like Gecko) Chrome/139.0.0.0 Safari/537.36\"","service":"api-gateway","timestamp":"2025-10-06 01:14:01"}
{"level":"warn","message":"Thiếu token hoặc định dạng không đúng","service":"api-gateway","timestamp":"2025-10-06 01:14:16"}
{"level":"info","message":"::1 - - [05/Oct/2025:18:14:16 +0000] \"GET /api/meals/diet-types?page=1&limit=10 HTTP/1.1\" 401 81 \"-\" \"Mozilla/5.0 (Windows NT 10.0; Win64; x64) AppleWebKit/537.36 (KHTML, like Gecko) Chrome/139.0.0.0 Safari/537.36\"","service":"api-gateway","timestamp":"2025-10-06 01:14:16"}
{"level":"info","message":"::1 - - [05/Oct/2025:18:14:16 +0000] \"GET /favicon.ico HTTP/1.1\" 404 80 \"-\" \"Mozilla/5.0 (Windows NT 10.0; Win64; x64) AppleWebKit/537.36 (KHTML, like Gecko) Chrome/139.0.0.0 Safari/537.36\"","service":"api-gateway","timestamp":"2025-10-06 01:14:16"}
{"level":"info","message":"::1 - - [05/Oct/2025:18:19:02 +0000] \"GET /api/auth/check-token HTTP/1.1\" 304 - \"http://localhost:5173/\" \"Mozilla/5.0 (Windows NT 10.0; Win64; x64) AppleWebKit/537.36 (KHTML, like Gecko) Chrome/139.0.0.0 Safari/537.36\"","service":"api-gateway","timestamp":"2025-10-06 01:19:02"}
{"level":"info","message":"::1 - - [05/Oct/2025:18:19:02 +0000] \"GET /api/meals/diet-types?page=1&limit=10 HTTP/1.1\" 304 - \"http://localhost:5173/\" \"Mozilla/5.0 (Windows NT 10.0; Win64; x64) AppleWebKit/537.36 (KHTML, like Gecko) Chrome/139.0.0.0 Safari/537.36\"","service":"api-gateway","timestamp":"2025-10-06 01:19:02"}
{"level":"warn","message":"Thiếu token hoặc định dạng không đúng","service":"api-gateway","timestamp":"2025-10-06 01:19:05"}
{"level":"info","message":"::1 - - [05/Oct/2025:18:19:05 +0000] \"DELETE /api/meals/delete-diet-type/68e2b2a3064077d30f8888d3 HTTP/1.1\" 401 81 \"http://localhost:5173/\" \"Mozilla/5.0 (Windows NT 10.0; Win64; x64) AppleWebKit/537.36 (KHTML, like Gecko) Chrome/139.0.0.0 Safari/537.36\"","service":"api-gateway","timestamp":"2025-10-06 01:19:05"}
{"level":"info","message":"::1 - - [05/Oct/2025:18:20:03 +0000] \"GET /api/auth/check-token HTTP/1.1\" 304 - \"http://localhost:5173/\" \"Mozilla/5.0 (Windows NT 10.0; Win64; x64) AppleWebKit/537.36 (KHTML, like Gecko) Chrome/139.0.0.0 Safari/537.36\"","service":"api-gateway","timestamp":"2025-10-06 01:20:03"}
{"level":"info","message":"::1 - - [05/Oct/2025:18:20:03 +0000] \"GET /api/meals/diet-types?page=1&limit=10 HTTP/1.1\" 304 - \"http://localhost:5173/\" \"Mozilla/5.0 (Windows NT 10.0; Win64; x64) AppleWebKit/537.36 (KHTML, like Gecko) Chrome/139.0.0.0 Safari/537.36\"","service":"api-gateway","timestamp":"2025-10-06 01:20:03"}
{"level":"info","message":"::1 - - [05/Oct/2025:18:20:45 +0000] \"GET /api/auth/check-token HTTP/1.1\" 304 - \"http://localhost:5173/\" \"Mozilla/5.0 (Windows NT 10.0; Win64; x64) AppleWebKit/537.36 (KHTML, like Gecko) Chrome/139.0.0.0 Safari/537.36\"","service":"api-gateway","timestamp":"2025-10-06 01:20:45"}
{"level":"info","message":"::1 - - [05/Oct/2025:18:20:45 +0000] \"GET /api/meals/diet-types?page=1&limit=10 HTTP/1.1\" 304 - \"http://localhost:5173/\" \"Mozilla/5.0 (Windows NT 10.0; Win64; x64) AppleWebKit/537.36 (KHTML, like Gecko) Chrome/139.0.0.0 Safari/537.36\"","service":"api-gateway","timestamp":"2025-10-06 01:20:45"}
{"level":"info","message":"::1 - - [05/Oct/2025:18:20:54 +0000] \"DELETE /api/meals/delete-diet-type/68e2b2a3064077d30f8888d3 HTTP/1.1\" 200 96 \"http://localhost:5173/\" \"Mozilla/5.0 (Windows NT 10.0; Win64; x64) AppleWebKit/537.36 (KHTML, like Gecko) Chrome/139.0.0.0 Safari/537.36\"","service":"api-gateway","timestamp":"2025-10-06 01:20:54"}
{"level":"info","message":"::1 - - [05/Oct/2025:18:21:27 +0000] \"POST /api/meals/add-diet-type HTTP/1.1\" 201 356 \"http://localhost:5173/\" \"Mozilla/5.0 (Windows NT 10.0; Win64; x64) AppleWebKit/537.36 (KHTML, like Gecko) Chrome/139.0.0.0 Safari/537.36\"","service":"api-gateway","timestamp":"2025-10-06 01:21:27"}
{"level":"info","message":"::1 - - [05/Oct/2025:18:22:28 +0000] \"GET /api/auth/check-token HTTP/1.1\" 304 - \"http://localhost:5173/\" \"Mozilla/5.0 (Windows NT 10.0; Win64; x64) AppleWebKit/537.36 (KHTML, like Gecko) Chrome/139.0.0.0 Safari/537.36\"","service":"api-gateway","timestamp":"2025-10-06 01:22:28"}
{"level":"info","message":"::1 - - [05/Oct/2025:18:22:28 +0000] \"GET /api/meals/diet-types?page=1&limit=10 HTTP/1.1\" 200 428 \"http://localhost:5173/\" \"Mozilla/5.0 (Windows NT 10.0; Win64; x64) AppleWebKit/537.36 (KHTML, like Gecko) Chrome/139.0.0.0 Safari/537.36\"","service":"api-gateway","timestamp":"2025-10-06 01:22:28"}
{"level":"info","message":"::1 - - [05/Oct/2025:18:28:57 +0000] \"GET /api/auth/check-token HTTP/1.1\" 304 - \"http://localhost:5173/\" \"Mozilla/5.0 (Windows NT 10.0; Win64; x64) AppleWebKit/537.36 (KHTML, like Gecko) Chrome/139.0.0.0 Safari/537.36\"","service":"api-gateway","timestamp":"2025-10-06 01:28:57"}
{"level":"info","message":"::1 - - [05/Oct/2025:18:28:57 +0000] \"GET /api/meals/diet-types?page=1&limit=10 HTTP/1.1\" 304 - \"http://localhost:5173/\" \"Mozilla/5.0 (Windows NT 10.0; Win64; x64) AppleWebKit/537.36 (KHTML, like Gecko) Chrome/139.0.0.0 Safari/537.36\"","service":"api-gateway","timestamp":"2025-10-06 01:28:57"}
{"level":"info","message":"::1 - - [05/Oct/2025:18:29:55 +0000] \"GET /api/meals/diet-types?page=1&limit=10 HTTP/1.1\" 304 - \"http://localhost:5173/\" \"Mozilla/5.0 (Windows NT 10.0; Win64; x64) AppleWebKit/537.36 (KHTML, like Gecko) Chrome/139.0.0.0 Safari/537.36\"","service":"api-gateway","timestamp":"2025-10-06 01:29:55"}
{"level":"info","message":"::1 - - [05/Oct/2025:18:31:12 +0000] \"GET /api/auth/check-token HTTP/1.1\" 304 - \"http://localhost:5173/\" \"Mozilla/5.0 (Windows NT 10.0; Win64; x64) AppleWebKit/537.36 (KHTML, like Gecko) Chrome/139.0.0.0 Safari/537.36\"","service":"api-gateway","timestamp":"2025-10-06 01:31:12"}
{"level":"info","message":"::1 - - [05/Oct/2025:18:31:12 +0000] \"GET /api/meals/diet-types?page=1&limit=10 HTTP/1.1\" 304 - \"http://localhost:5173/\" \"Mozilla/5.0 (Windows NT 10.0; Win64; x64) AppleWebKit/537.36 (KHTML, like Gecko) Chrome/139.0.0.0 Safari/537.36\"","service":"api-gateway","timestamp":"2025-10-06 01:31:12"}
{"level":"info","message":"::1 - - [05/Oct/2025:18:33:05 +0000] \"GET /api/auth/check-token HTTP/1.1\" 304 - \"http://localhost:5173/\" \"Mozilla/5.0 (Windows NT 10.0; Win64; x64) AppleWebKit/537.36 (KHTML, like Gecko) Chrome/139.0.0.0 Safari/537.36\"","service":"api-gateway","timestamp":"2025-10-06 01:33:05"}
{"level":"info","message":"::1 - - [05/Oct/2025:18:33:05 +0000] \"GET /api/meals/diet-types?page=1&limit=10 HTTP/1.1\" 304 - \"http://localhost:5173/\" \"Mozilla/5.0 (Windows NT 10.0; Win64; x64) AppleWebKit/537.36 (KHTML, like Gecko) Chrome/139.0.0.0 Safari/537.36\"","service":"api-gateway","timestamp":"2025-10-06 01:33:05"}
{"level":"info","message":"::1 - - [05/Oct/2025:18:33:25 +0000] \"GET /api/auth/check-token HTTP/1.1\" 304 - \"http://localhost:5173/\" \"Mozilla/5.0 (Windows NT 10.0; Win64; x64) AppleWebKit/537.36 (KHTML, like Gecko) Chrome/139.0.0.0 Safari/537.36\"","service":"api-gateway","timestamp":"2025-10-06 01:33:25"}
{"level":"info","message":"::1 - - [05/Oct/2025:18:33:25 +0000] \"GET /api/meals/diet-types?page=1&limit=10 HTTP/1.1\" 304 - \"http://localhost:5173/\" \"Mozilla/5.0 (Windows NT 10.0; Win64; x64) AppleWebKit/537.36 (KHTML, like Gecko) Chrome/139.0.0.0 Safari/537.36\"","service":"api-gateway","timestamp":"2025-10-06 01:33:25"}
{"level":"info","message":"::1 - - [05/Oct/2025:18:33:35 +0000] \"GET /api/auth/check-token HTTP/1.1\" 304 - \"http://localhost:5173/\" \"Mozilla/5.0 (Windows NT 10.0; Win64; x64) AppleWebKit/537.36 (KHTML, like Gecko) Chrome/139.0.0.0 Safari/537.36\"","service":"api-gateway","timestamp":"2025-10-06 01:33:35"}
{"level":"info","message":"::1 - - [05/Oct/2025:18:33:35 +0000] \"GET /api/meals/diet-types?page=1&limit=10 HTTP/1.1\" 304 - \"http://localhost:5173/\" \"Mozilla/5.0 (Windows NT 10.0; Win64; x64) AppleWebKit/537.36 (KHTML, like Gecko) Chrome/139.0.0.0 Safari/537.36\"","service":"api-gateway","timestamp":"2025-10-06 01:33:35"}
{"level":"info","message":"::1 - - [05/Oct/2025:18:34:04 +0000] \"GET /api/auth/check-token HTTP/1.1\" 304 - \"http://localhost:5173/\" \"Mozilla/5.0 (Windows NT 10.0; Win64; x64) AppleWebKit/537.36 (KHTML, like Gecko) Chrome/139.0.0.0 Safari/537.36\"","service":"api-gateway","timestamp":"2025-10-06 01:34:04"}
{"level":"info","message":"::1 - - [05/Oct/2025:18:34:04 +0000] \"GET /api/meals/diet-types?page=1&limit=10 HTTP/1.1\" 304 - \"http://localhost:5173/\" \"Mozilla/5.0 (Windows NT 10.0; Win64; x64) AppleWebKit/537.36 (KHTML, like Gecko) Chrome/139.0.0.0 Safari/537.36\"","service":"api-gateway","timestamp":"2025-10-06 01:34:04"}
{"level":"info","message":"Gateway đang chạy tại cổng 5000","service":"api-gateway","timestamp":"2025-10-06 21:06:52"}
{"level":"info","message":"Auth service URL: http://localhost:5001","service":"api-gateway","timestamp":"2025-10-06 21:06:52"}
{"level":"info","message":"User service URL: http://localhost:5007","service":"api-gateway","timestamp":"2025-10-06 21:06:52"}
{"level":"info","message":"Recipe service URL: http://localhost:5005","service":"api-gateway","timestamp":"2025-10-06 21:06:52"}
{"level":"info","message":"Ingredient service URL: http://localhost:5002","service":"api-gateway","timestamp":"2025-10-06 21:06:52"}
{"level":"info","message":"Meal service URL: http://localhost:5003","service":"api-gateway","timestamp":"2025-10-06 21:06:52"}
{"level":"info","message":"MealPlan service URL: http://localhost:5004","service":"api-gateway","timestamp":"2025-10-06 21:06:52"}
{"level":"info","message":"Shopping service URL: http://localhost:5006","service":"api-gateway","timestamp":"2025-10-06 21:06:52"}
{"level":"info","message":"::1 - - [06/Oct/2025:14:07:34 +0000] \"GET /api/ingredients/ingredient-categories?page=1&limit=9 HTTP/1.1\" 200 1300 \"http://localhost:5173/\" \"Mozilla/5.0 (Windows NT 10.0; Win64; x64) AppleWebKit/537.36 (KHTML, like Gecko) Chrome/140.0.0.0 Safari/537.36\"","service":"api-gateway","timestamp":"2025-10-06 21:07:34"}
{"level":"info","message":"::1 - - [06/Oct/2025:14:17:48 +0000] \"GET /api/ingredients/ingredient-categories?page=1&limit=9 HTTP/1.1\" 304 - \"http://localhost:5173/\" \"Mozilla/5.0 (Windows NT 10.0; Win64; x64) AppleWebKit/537.36 (KHTML, like Gecko) Chrome/140.0.0.0 Safari/537.36\"","service":"api-gateway","timestamp":"2025-10-06 21:17:48"}
{"level":"info","message":"Gateway đang chạy tại cổng 5000","service":"api-gateway","timestamp":"2025-10-06 21:31:10"}
{"level":"info","message":"Auth service URL: http://localhost:5001","service":"api-gateway","timestamp":"2025-10-06 21:31:10"}
{"level":"info","message":"User service URL: http://localhost:5007","service":"api-gateway","timestamp":"2025-10-06 21:31:10"}
{"level":"info","message":"Recipe service URL: http://localhost:5005","service":"api-gateway","timestamp":"2025-10-06 21:31:10"}
{"level":"info","message":"Ingredient service URL: http://localhost:5002","service":"api-gateway","timestamp":"2025-10-06 21:31:10"}
{"level":"info","message":"Meal service URL: http://localhost:5003","service":"api-gateway","timestamp":"2025-10-06 21:31:10"}
{"level":"info","message":"MealPlan service URL: http://localhost:5004","service":"api-gateway","timestamp":"2025-10-06 21:31:10"}
{"level":"info","message":"Shopping service URL: http://localhost:5006","service":"api-gateway","timestamp":"2025-10-06 21:31:10"}
{"level":"info","message":"::1 - - [06/Oct/2025:14:32:01 +0000] \"GET /api/auth/check-token HTTP/1.1\" 304 - \"http://localhost:5173/\" \"Mozilla/5.0 (Windows NT 10.0; Win64; x64) AppleWebKit/537.36 (KHTML, like Gecko) Chrome/140.0.0.0 Safari/537.36\"","service":"api-gateway","timestamp":"2025-10-06 21:32:01"}
{"level":"info","message":"::1 - - [06/Oct/2025:14:32:18 +0000] \"GET /api/auth/check-token HTTP/1.1\" 304 - \"http://localhost:5173/\" \"Mozilla/5.0 (Windows NT 10.0; Win64; x64) AppleWebKit/537.36 (KHTML, like Gecko) Chrome/140.0.0.0 Safari/537.36\"","service":"api-gateway","timestamp":"2025-10-06 21:32:18"}
{"level":"info","message":"::1 - - [06/Oct/2025:14:32:21 +0000] \"GET /api/meals/meal-categories?page=1&limit=9 HTTP/1.1\" 200 147 \"http://localhost:5173/\" \"Mozilla/5.0 (Windows NT 10.0; Win64; x64) AppleWebKit/537.36 (KHTML, like Gecko) Chrome/140.0.0.0 Safari/537.36\"","service":"api-gateway","timestamp":"2025-10-06 21:32:21"}
{"level":"info","message":"::1 - - [06/Oct/2025:14:33:12 +0000] \"GET /api/auth/check-token HTTP/1.1\" 304 - \"http://localhost:5173/\" \"Mozilla/5.0 (Windows NT 10.0; Win64; x64) AppleWebKit/537.36 (KHTML, like Gecko) Chrome/140.0.0.0 Safari/537.36\"","service":"api-gateway","timestamp":"2025-10-06 21:33:12"}
{"level":"info","message":"::1 - - [06/Oct/2025:14:33:12 +0000] \"GET /api/ingredients/ingredient-categories?page=1&limit=9 HTTP/1.1\" 304 - \"http://localhost:5173/\" \"Mozilla/5.0 (Windows NT 10.0; Win64; x64) AppleWebKit/537.36 (KHTML, like Gecko) Chrome/140.0.0.0 Safari/537.36\"","service":"api-gateway","timestamp":"2025-10-06 21:33:12"}
{"level":"info","message":"::1 - - [06/Oct/2025:14:33:16 +0000] \"GET /api/ingredients/ingredient-categories?page=1&limit=9 HTTP/1.1\" 304 - \"http://localhost:5173/\" \"Mozilla/5.0 (Windows NT 10.0; Win64; x64) AppleWebKit/537.36 (KHTML, like Gecko) Chrome/140.0.0.0 Safari/537.36\"","service":"api-gateway","timestamp":"2025-10-06 21:33:16"}
{"level":"info","message":"::1 - - [06/Oct/2025:14:33:19 +0000] \"GET /api/meals/meal-categories?page=1&limit=9 HTTP/1.1\" 304 - \"http://localhost:5173/\" \"Mozilla/5.0 (Windows NT 10.0; Win64; x64) AppleWebKit/537.36 (KHTML, like Gecko) Chrome/140.0.0.0 Safari/537.36\"","service":"api-gateway","timestamp":"2025-10-06 21:33:19"}
{"level":"info","message":"::1 - - [06/Oct/2025:14:34:28 +0000] \"GET /api/auth/check-token HTTP/1.1\" 304 - \"http://localhost:5173/\" \"Mozilla/5.0 (Windows NT 10.0; Win64; x64) AppleWebKit/537.36 (KHTML, like Gecko) Chrome/140.0.0.0 Safari/537.36\"","service":"api-gateway","timestamp":"2025-10-06 21:34:28"}
{"level":"info","message":"::1 - - [06/Oct/2025:14:34:28 +0000] \"GET /api/meals/meal-categories?page=1&limit=9 HTTP/1.1\" 304 - \"http://localhost:5173/\" \"Mozilla/5.0 (Windows NT 10.0; Win64; x64) AppleWebKit/537.36 (KHTML, like Gecko) Chrome/140.0.0.0 Safari/537.36\"","service":"api-gateway","timestamp":"2025-10-06 21:34:28"}
{"level":"info","message":"::1 - - [06/Oct/2025:14:34:31 +0000] \"GET /api/ingredients/ingredient-categories?page=1&limit=9 HTTP/1.1\" 304 - \"http://localhost:5173/\" \"Mozilla/5.0 (Windows NT 10.0; Win64; x64) AppleWebKit/537.36 (KHTML, like Gecko) Chrome/140.0.0.0 Safari/537.36\"","service":"api-gateway","timestamp":"2025-10-06 21:34:31"}
{"level":"info","message":"::1 - - [06/Oct/2025:14:34:33 +0000] \"GET /api/meals/meal-categories?page=1&limit=9 HTTP/1.1\" 304 - \"http://localhost:5173/\" \"Mozilla/5.0 (Windows NT 10.0; Win64; x64) AppleWebKit/537.36 (KHTML, like Gecko) Chrome/140.0.0.0 Safari/537.36\"","service":"api-gateway","timestamp":"2025-10-06 21:34:33"}
{"level":"info","message":"::1 - - [06/Oct/2025:14:34:44 +0000] \"GET /api/auth/check-token HTTP/1.1\" 304 - \"http://localhost:5173/\" \"Mozilla/5.0 (Windows NT 10.0; Win64; x64) AppleWebKit/537.36 (KHTML, like Gecko) Chrome/140.0.0.0 Safari/537.36\"","service":"api-gateway","timestamp":"2025-10-06 21:34:44"}
{"level":"info","message":"::1 - - [06/Oct/2025:14:34:44 +0000] \"GET /api/meals/meal-categories?page=1&limit=9 HTTP/1.1\" 304 - \"http://localhost:5173/\" \"Mozilla/5.0 (Windows NT 10.0; Win64; x64) AppleWebKit/537.36 (KHTML, like Gecko) Chrome/140.0.0.0 Safari/537.36\"","service":"api-gateway","timestamp":"2025-10-06 21:34:44"}
{"level":"info","message":"::1 - - [06/Oct/2025:14:36:24 +0000] \"POST /api/meals/add-meal-category HTTP/1.1\" 201 254 \"http://localhost:5173/\" \"Mozilla/5.0 (Windows NT 10.0; Win64; x64) AppleWebKit/537.36 (KHTML, like Gecko) Chrome/140.0.0.0 Safari/537.36\"","service":"api-gateway","timestamp":"2025-10-06 21:36:24"}
{"level":"info","message":"::1 - - [06/Oct/2025:14:36:31 +0000] \"POST /api/meals/add-meal-category HTTP/1.1\" 201 256 \"http://localhost:5173/\" \"Mozilla/5.0 (Windows NT 10.0; Win64; x64) AppleWebKit/537.36 (KHTML, like Gecko) Chrome/140.0.0.0 Safari/537.36\"","service":"api-gateway","timestamp":"2025-10-06 21:36:31"}
{"level":"info","message":"::1 - - [06/Oct/2025:14:36:38 +0000] \"POST /api/meals/add-meal-category HTTP/1.1\" 400 94 \"http://localhost:5173/\" \"Mozilla/5.0 (Windows NT 10.0; Win64; x64) AppleWebKit/537.36 (KHTML, like Gecko) Chrome/140.0.0.0 Safari/537.36\"","service":"api-gateway","timestamp":"2025-10-06 21:36:38"}
{"level":"info","message":"::1 - - [06/Oct/2025:14:36:48 +0000] \"POST /api/meals/add-meal-category HTTP/1.1\" 201 262 \"http://localhost:5173/\" \"Mozilla/5.0 (Windows NT 10.0; Win64; x64) AppleWebKit/537.36 (KHTML, like Gecko) Chrome/140.0.0.0 Safari/537.36\"","service":"api-gateway","timestamp":"2025-10-06 21:36:48"}
