{"level":"error","message":"Proxy error (auth service): ","service":"api-gateway","timestamp":"2025-09-19 01:30:59"}
{"level":"error","message":"Proxy error (auth service): ","service":"api-gateway","timestamp":"2025-09-19 01:30:59"}
{"level":"error","message":"Lỗi xác thực: jwt expired","service":"api-gateway","timestamp":"2025-10-06 00:51:40"}
{"level":"error","message":"Lỗi xác thực: jwt expired","service":"api-gateway","timestamp":"2025-10-09 00:17:26"}
{"level":"error","message":"Proxy error (meal service): ","service":"api-gateway","timestamp":"2025-10-09 21:45:29"}
{"level":"error","message":"Proxy error (surveys service): ","service":"api-gateway","timestamp":"2025-10-27 21:04:20"}
{"level":"error","message":"Proxy error (surveys service): ","service":"api-gateway","timestamp":"2025-10-27 21:05:05"}
{"level":"error","message":"Proxy error (user service): ","service":"api-gateway","timestamp":"2025-10-31 01:52:37"}
{"level":"error","message":"Proxy error (user service): ","service":"api-gateway","timestamp":"2025-10-31 01:52:39"}
{"level":"error","message":"Proxy error (user service): ","service":"api-gateway","timestamp":"2025-10-31 01:52:47"}
{"level":"error","message":"Proxy error (user service): ","service":"api-gateway","timestamp":"2025-10-31 01:54:30"}
{"level":"error","message":"Proxy error (user service): ","service":"api-gateway","timestamp":"2025-10-31 01:54:47"}
{"level":"error","message":"Proxy error (user service): ","service":"api-gateway","timestamp":"2025-10-31 01:56:17"}
{"level":"error","message":"Proxy error (auth service): ","service":"api-gateway","timestamp":"2025-11-01 19:33:39"}
{"level":"error","message":"Proxy error (auth service): ","service":"api-gateway","timestamp":"2025-11-01 19:33:41"}
{"level":"error","message":"Proxy error (auth service): ","service":"api-gateway","timestamp":"2025-11-01 19:33:41"}
{"level":"error","message":"Proxy error (auth service): ","service":"api-gateway","timestamp":"2025-11-01 19:34:33"}
{"level":"error","message":"Proxy error (auth service): ","service":"api-gateway","timestamp":"2025-11-01 19:35:23"}
{"level":"error","message":"Proxy error (auth service): ","service":"api-gateway","timestamp":"2025-11-01 21:04:36"}
{"level":"error","message":"Lỗi xác thực: jwt expired","service":"api-gateway","timestamp":"2025-11-04 12:29:59"}
{"level":"error","message":"Lỗi xác thực: jwt expired","service":"api-gateway","timestamp":"2025-11-04 12:33:29"}
{"level":"error","message":"Proxy error (mealplan service): ","service":"api-gateway","timestamp":"2025-11-04 12:47:16"}
{"level":"error","message":"Proxy error (user service): ","service":"api-gateway","timestamp":"2025-11-17 17:44:11"}
{"level":"error","message":"Proxy error (user service): ","service":"api-gateway","timestamp":"2025-11-17 17:44:13"}
{"level":"error","message":"Proxy error (user service): ","service":"api-gateway","timestamp":"2025-11-17 17:58:59"}
{"level":"error","message":"Proxy error (user service): ","service":"api-gateway","timestamp":"2025-11-17 17:59:02"}
{"level":"error","message":"Proxy error (user service): ","service":"api-gateway","timestamp":"2025-11-17 18:03:25"}
{"level":"error","message":"Proxy error (user service): ","service":"api-gateway","timestamp":"2025-11-17 18:03:28"}
{"level":"error","message":"Proxy error (user service): ","service":"api-gateway","timestamp":"2025-11-17 18:05:14"}
{"level":"error","message":"Proxy error (user service): ","service":"api-gateway","timestamp":"2025-11-17 18:05:51"}
{"level":"error","message":"Proxy error (user service): ","service":"api-gateway","timestamp":"2025-11-17 18:05:53"}
{"level":"error","message":"Proxy error (user service): ","service":"api-gateway","timestamp":"2025-11-17 18:05:57"}
{"level":"error","message":"Proxy error (user service): ","service":"api-gateway","timestamp":"2025-11-17 18:06:32"}
{"level":"error","message":"Proxy error (user service): ","service":"api-gateway","timestamp":"2025-11-17 18:06:40"}
{"level":"error","message":"Proxy error (ingredients service): ","service":"api-gateway","timestamp":"2025-11-17 18:36:31"}
{"level":"error","message":"Proxy error (recipe service): ","service":"api-gateway","timestamp":"2025-11-17 18:36:31"}
{"level":"error","message":"Proxy error (meal service): ","service":"api-gateway","timestamp":"2025-11-17 18:36:31"}
{"level":"error","message":"Proxy error (mealplan service): ","service":"api-gateway","timestamp":"2025-11-17 18:36:31"}
{"level":"error","message":"Proxy error (surveys service): ","service":"api-gateway","timestamp":"2025-11-17 18:36:31"}
{"level":"error","message":"Lỗi xác thực: jwt expired","service":"api-gateway","timestamp":"2025-11-17 20:13:39"}
{"level":"error","message":"Lỗi xác thực: jwt expired","service":"api-gateway","timestamp":"2025-11-30 15:55:46"}
{"level":"error","message":"Lỗi xác thực: jwt expired","service":"api-gateway","timestamp":"2025-11-30 15:59:38"}
{"level":"error","message":"Lỗi xác thực: jwt expired","service":"api-gateway","timestamp":"2025-11-30 16:01:43"}
{"level":"error","message":"Lỗi xác thực: jwt expired","service":"api-gateway","timestamp":"2025-11-30 16:08:06"}
{"level":"error","message":"Proxy error (user service): ","service":"api-gateway","timestamp":"2025-12-01 10:12:10"}
{"level":"error","message":"Lỗi xác thực: jwt expired","service":"api-gateway","timestamp":"2025-12-02 19:29:05"}
{"level":"error","message":"Proxy error (meal service): ","service":"api-gateway","timestamp":"2025-12-04 00:46:04"}
{"level":"error","message":"Proxy error (meal service): ","service":"api-gateway","timestamp":"2025-12-04 00:46:04"}
{"level":"error","message":"Proxy error (meal service): ","service":"api-gateway","timestamp":"2025-12-04 00:46:09"}
{"level":"error","message":"Proxy error (meal service): ","service":"api-gateway","timestamp":"2025-12-04 00:46:09"}
{"level":"error","message":"Proxy error (meal service): ","service":"api-gateway","timestamp":"2025-12-04 00:46:28"}
{"level":"error","message":"Proxy error (meal service): ","service":"api-gateway","timestamp":"2025-12-04 00:46:28"}
{"level":"error","message":"Proxy error (meal service): ","service":"api-gateway","timestamp":"2025-12-04 00:46:28"}
{"level":"error","message":"Proxy error (meal service): ","service":"api-gateway","timestamp":"2025-12-04 00:46:31"}
{"level":"error","message":"Proxy error (meal service): ","service":"api-gateway","timestamp":"2025-12-04 00:46:31"}
{"level":"error","message":"Proxy error (meal service): ","service":"api-gateway","timestamp":"2025-12-04 00:46:31"}
{"level":"error","message":"Proxy error (meal service): ","service":"api-gateway","timestamp":"2025-12-04 00:46:35"}
{"level":"error","message":"Proxy error (meal service): ","service":"api-gateway","timestamp":"2025-12-04 00:46:35"}
{"level":"error","message":"Proxy error (meal service): ","service":"api-gateway","timestamp":"2025-12-04 00:46:38"}
{"level":"error","message":"Proxy error (meal service): ","service":"api-gateway","timestamp":"2025-12-04 00:46:38"}
{"level":"error","message":"Proxy error (meal service): ","service":"api-gateway","timestamp":"2025-12-04 00:46:43"}
{"level":"error","message":"Proxy error (meal service): ","service":"api-gateway","timestamp":"2025-12-04 00:46:43"}
{"level":"error","message":"Proxy error (meal service): ","service":"api-gateway","timestamp":"2025-12-04 00:46:43"}
{"level":"error","message":"Proxy error (surveys service): ","service":"api-gateway","timestamp":"2025-12-06 16:24:33"}
{"level":"error","message":"Proxy error (mealplan service): ","service":"api-gateway","timestamp":"2025-12-06 16:27:52"}
{"level":"error","message":"Lỗi xác thực: jwt expired","service":"api-gateway","timestamp":"2025-12-06 16:31:14"}
{"level":"error","message":"Lỗi xác thực: jwt expired","service":"api-gateway","timestamp":"2025-12-06 20:24:03"}
{"level":"error","message":"Proxy error (meal service): ","service":"api-gateway","timestamp":"2025-12-06 20:32:01"}
{"level":"error","message":"Proxy error (meal service): ","service":"api-gateway","timestamp":"2025-12-06 20:32:17"}
{"level":"error","message":"Proxy error (mealplan service): ","service":"api-gateway","timestamp":"2025-12-07 01:59:35"}
{"level":"error","message":"Proxy error (mealplan service): ","service":"api-gateway","timestamp":"2025-12-07 10:19:58"}
{"level":"error","message":"Proxy error (mealplan service): ","service":"api-gateway","timestamp":"2025-12-07 10:20:01"}
{"level":"error","message":"Proxy error (mealplan service): ","service":"api-gateway","timestamp":"2025-12-07 10:20:33"}
{"level":"error","message":"Proxy error (mealplan service): ","service":"api-gateway","timestamp":"2025-12-07 10:21:33"}
{"level":"error","message":"Proxy error (mealplan service): ","service":"api-gateway","timestamp":"2025-12-07 11:08:29"}
{"level":"error","message":"Proxy error (mealplan service): ","service":"api-gateway","timestamp":"2025-12-07 11:08:33"}
{"level":"error","message":"Proxy error (mealplan service): ","service":"api-gateway","timestamp":"2025-12-07 11:20:45"}
{"level":"error","message":"Proxy error (mealplan service): ","service":"api-gateway","timestamp":"2025-12-07 11:26:47"}
{"level":"error","message":"Proxy error (mealplan service): ","service":"api-gateway","timestamp":"2025-12-07 11:26:49"}
{"level":"error","message":"Proxy error (mealplan service): read ECONNRESET","service":"api-gateway","timestamp":"2025-12-07 11:57:29"}
{"level":"error","message":"Proxy error (surveys service): ","service":"api-gateway","timestamp":"2025-12-07 21:51:08"}
{"level":"error","message":"Proxy error (surveys service): ","service":"api-gateway","timestamp":"2025-12-10 20:48:51"}
{"level":"error","message":"Proxy error (surveys service): ","service":"api-gateway","timestamp":"2025-12-10 20:48:54"}
{"level":"error","message":"Proxy error (surveys service): ","service":"api-gateway","timestamp":"2025-12-10 20:48:57"}
{"level":"error","message":"Proxy error (surveys service): ","service":"api-gateway","timestamp":"2025-12-10 20:49:17"}
{"level":"error","message":"Proxy error (surveys service): ","service":"api-gateway","timestamp":"2025-12-10 20:50:06"}
{"level":"error","message":"Proxy error (surveys service): ","service":"api-gateway","timestamp":"2025-12-10 20:52:06"}
{"level":"error","message":"Proxy error (surveys service): ","service":"api-gateway","timestamp":"2025-12-10 20:52:10"}
{"level":"error","message":"Proxy error (surveys service): ","service":"api-gateway","timestamp":"2025-12-10 20:52:15"}
{"level":"error","message":"Lỗi xác thực: jwt expired","service":"api-gateway","timestamp":"2025-12-10 21:07:29"}
{"level":"error","message":"Proxy error (user service): ","service":"api-gateway","timestamp":"2025-12-10 21:10:10"}
{"level":"error","message":"Proxy error (user service): ","service":"api-gateway","timestamp":"2025-12-10 21:10:12"}
{"level":"error","message":"Lỗi xác thực: jwt expired","service":"api-gateway","timestamp":"2025-12-10 21:13:00"}
{"level":"error","message":"Proxy error (ingredients service): ","service":"api-gateway","timestamp":"2025-12-10 21:14:42"}
{"level":"error","message":"Proxy error (ingredients service): ","service":"api-gateway","timestamp":"2025-12-10 21:14:44"}
{"level":"error","message":"Proxy error (ingredients service): ","service":"api-gateway","timestamp":"2025-12-10 21:14:45"}
{"level":"error","message":"Proxy error (ingredients service): ","service":"api-gateway","timestamp":"2025-12-10 21:14:47"}
{"level":"error","message":"Proxy error (ingredients service): ","service":"api-gateway","timestamp":"2025-12-10 21:14:48"}
{"level":"error","message":"Proxy error (ingredients service): ","service":"api-gateway","timestamp":"2025-12-10 21:14:49"}
{"level":"error","message":"Proxy error (ingredients service): ","service":"api-gateway","timestamp":"2025-12-10 21:14:50"}
{"level":"error","message":"Proxy error (ingredients service): ","service":"api-gateway","timestamp":"2025-12-10 21:14:51"}
{"level":"error","message":"Proxy error (ingredients service): ","service":"api-gateway","timestamp":"2025-12-10 21:14:53"}
{"level":"error","message":"Proxy error (mealplan service): ","service":"api-gateway","timestamp":"2025-12-10 21:43:53"}
{"level":"error","message":"Proxy error (recipe service): ","service":"api-gateway","timestamp":"2025-12-12 22:09:03"}
{"level":"error","message":"Proxy error (surveys service): ","service":"api-gateway","timestamp":"2025-12-13 00:37:28"}
{"level":"error","message":"Proxy error (meal service): ","service":"api-gateway","timestamp":"2025-12-14 22:43:37"}
{"level":"error","message":"Proxy error (meal service): ","service":"api-gateway","timestamp":"2025-12-14 22:43:37"}
{"level":"error","message":"Proxy error (ingredients service): ","service":"api-gateway","timestamp":"2025-12-14 22:43:37"}
{"level":"error","message":"Proxy error (meal service): ","service":"api-gateway","timestamp":"2025-12-14 22:43:37"}
{"level":"error","message":"Proxy error (ingredients service): ","service":"api-gateway","timestamp":"2025-12-14 22:43:37"}
{"level":"error","message":"Proxy error (recipe service): ","service":"api-gateway","timestamp":"2025-12-14 22:43:37"}
{"level":"error","message":"Proxy error (ingredients service): ","service":"api-gateway","timestamp":"2025-12-14 22:43:47"}
{"level":"error","message":"Proxy error (meal service): ","service":"api-gateway","timestamp":"2025-12-14 22:43:47"}
{"level":"error","message":"Proxy error (recipe service): ","service":"api-gateway","timestamp":"2025-12-14 22:43:47"}
{"level":"error","message":"Proxy error (ingredients service): ","service":"api-gateway","timestamp":"2025-12-14 22:43:58"}
{"level":"error","message":"Proxy error (meal service): ","service":"api-gateway","timestamp":"2025-12-14 22:43:58"}
{"level":"error","message":"Proxy error (recipe service): ","service":"api-gateway","timestamp":"2025-12-14 22:43:58"}
{"level":"error","message":"Proxy error (ingredients service): ","service":"api-gateway","timestamp":"2025-12-14 22:44:08"}
{"level":"error","message":"Proxy error (meal service): ","service":"api-gateway","timestamp":"2025-12-14 22:44:08"}
{"level":"error","message":"Proxy error (recipe service): ","service":"api-gateway","timestamp":"2025-12-14 22:44:08"}
{"level":"error","message":"Proxy error (ingredients service): ","service":"api-gateway","timestamp":"2025-12-14 22:44:18"}
{"level":"error","message":"Proxy error (meal service): ","service":"api-gateway","timestamp":"2025-12-14 22:44:18"}
{"level":"error","message":"Proxy error (recipe service): ","service":"api-gateway","timestamp":"2025-12-14 22:44:18"}
{"level":"error","message":"Proxy error (ingredients service): ","service":"api-gateway","timestamp":"2025-12-14 22:44:28"}
{"level":"error","message":"Proxy error (meal service): ","service":"api-gateway","timestamp":"2025-12-14 22:44:28"}
{"level":"error","message":"Proxy error (recipe service): ","service":"api-gateway","timestamp":"2025-12-14 22:44:28"}
{"level":"error","message":"Proxy error (ingredients service): ","service":"api-gateway","timestamp":"2025-12-14 22:44:38"}
{"level":"error","message":"Proxy error (meal service): ","service":"api-gateway","timestamp":"2025-12-14 22:44:38"}
{"level":"error","message":"Proxy error (recipe service): ","service":"api-gateway","timestamp":"2025-12-14 22:44:38"}
{"level":"error","message":"Proxy error (ingredients service): ","service":"api-gateway","timestamp":"2025-12-14 22:44:48"}
{"level":"error","message":"Proxy error (meal service): ","service":"api-gateway","timestamp":"2025-12-14 22:44:48"}
{"level":"error","message":"Proxy error (recipe service): ","service":"api-gateway","timestamp":"2025-12-14 22:44:48"}
{"level":"error","message":"Proxy error (ingredients service): ","service":"api-gateway","timestamp":"2025-12-14 22:45:07"}
{"level":"error","message":"Proxy error (meal service): ","service":"api-gateway","timestamp":"2025-12-14 22:45:07"}
{"level":"error","message":"Proxy error (recipe service): ","service":"api-gateway","timestamp":"2025-12-14 22:45:07"}
{"level":"error","message":"Proxy error (ingredients service): ","service":"api-gateway","timestamp":"2025-12-14 22:46:01"}
{"level":"error","message":"Proxy error (recipe service): ","service":"api-gateway","timestamp":"2025-12-14 22:46:01"}
{"level":"error","message":"Proxy error (meal service): ","service":"api-gateway","timestamp":"2025-12-14 22:46:01"}
{"level":"error","message":"Proxy error (ingredients service): ","service":"api-gateway","timestamp":"2025-12-14 22:46:07"}
{"level":"error","message":"Proxy error (meal service): ","service":"api-gateway","timestamp":"2025-12-14 22:46:07"}
{"level":"error","message":"Proxy error (recipe service): ","service":"api-gateway","timestamp":"2025-12-14 22:46:07"}
{"level":"error","message":"Proxy error (ingredients service): ","service":"api-gateway","timestamp":"2025-12-14 22:46:18"}
{"level":"error","message":"Proxy error (meal service): ","service":"api-gateway","timestamp":"2025-12-14 22:46:18"}
{"level":"error","message":"Proxy error (recipe service): ","service":"api-gateway","timestamp":"2025-12-14 22:46:18"}
{"level":"error","message":"Proxy error (ingredients service): ","service":"api-gateway","timestamp":"2025-12-14 22:46:28"}
{"level":"error","message":"Proxy error (meal service): ","service":"api-gateway","timestamp":"2025-12-14 22:46:28"}
{"level":"error","message":"Proxy error (recipe service): ","service":"api-gateway","timestamp":"2025-12-14 22:46:28"}
{"level":"error","message":"Proxy error (ingredients service): ","service":"api-gateway","timestamp":"2025-12-14 22:46:38"}
{"level":"error","message":"Proxy error (meal service): ","service":"api-gateway","timestamp":"2025-12-14 22:46:38"}
{"level":"error","message":"Proxy error (recipe service): ","service":"api-gateway","timestamp":"2025-12-14 22:46:38"}
{"level":"error","message":"Proxy error (ingredients service): ","service":"api-gateway","timestamp":"2025-12-14 22:46:48"}
{"level":"error","message":"Proxy error (meal service): ","service":"api-gateway","timestamp":"2025-12-14 22:46:48"}
{"level":"error","message":"Proxy error (recipe service): ","service":"api-gateway","timestamp":"2025-12-14 22:46:48"}
{"level":"error","message":"Proxy error (ingredients service): ","service":"api-gateway","timestamp":"2025-12-14 22:46:58"}
{"level":"error","message":"Proxy error (meal service): ","service":"api-gateway","timestamp":"2025-12-14 22:46:58"}
{"level":"error","message":"Proxy error (recipe service): ","service":"api-gateway","timestamp":"2025-12-14 22:46:58"}
{"level":"error","message":"Proxy error (ingredients service): ","service":"api-gateway","timestamp":"2025-12-14 22:47:08"}
{"level":"error","message":"Proxy error (meal service): ","service":"api-gateway","timestamp":"2025-12-14 22:47:08"}
{"level":"error","message":"Proxy error (recipe service): ","service":"api-gateway","timestamp":"2025-12-14 22:47:08"}
{"level":"error","message":"Proxy error (meal service): ","service":"api-gateway","timestamp":"2025-12-14 22:47:44"}
{"level":"error","message":"Proxy error (recipe service): ","service":"api-gateway","timestamp":"2025-12-14 22:47:44"}
{"level":"error","message":"Proxy error (meal service): ","service":"api-gateway","timestamp":"2025-12-14 22:47:46"}
{"level":"error","message":"Proxy error (ingredients service): ","service":"api-gateway","timestamp":"2025-12-14 23:18:03"}
{"level":"error","message":"Proxy error (ingredients service): ","service":"api-gateway","timestamp":"2025-12-14 23:18:03"}
{"level":"error","message":"Proxy error (ingredients service): ","service":"api-gateway","timestamp":"2025-12-14 23:18:03"}
{"level":"error","message":"Proxy error (ingredients service): ","service":"api-gateway","timestamp":"2025-12-14 23:36:53"}
{"level":"error","message":"Proxy error (ingredients service): ","service":"api-gateway","timestamp":"2025-12-14 23:36:53"}
{"level":"error","message":"Proxy error (ingredients service): ","service":"api-gateway","timestamp":"2025-12-14 23:36:53"}
{"level":"error","message":"Proxy error (ingredients service): ","service":"api-gateway","timestamp":"2025-12-14 23:36:59"}
{"level":"error","message":"Proxy error (ingredients service): ","service":"api-gateway","timestamp":"2025-12-14 23:36:59"}
{"level":"error","message":"Proxy error (ingredients service): ","service":"api-gateway","timestamp":"2025-12-14 23:36:59"}
{"level":"error","message":"Proxy error (ingredients service): ","service":"api-gateway","timestamp":"2025-12-14 23:38:28"}
{"level":"error","message":"Proxy error (ingredients service): ","service":"api-gateway","timestamp":"2025-12-14 23:38:28"}
{"level":"error","message":"Proxy error (ingredients service): ","service":"api-gateway","timestamp":"2025-12-14 23:38:28"}
{"level":"error","message":"Proxy error (ingredients service): ","service":"api-gateway","timestamp":"2025-12-14 23:39:17"}
{"level":"error","message":"Proxy error (ingredients service): ","service":"api-gateway","timestamp":"2025-12-14 23:39:17"}
{"level":"error","message":"Proxy error (ingredients service): ","service":"api-gateway","timestamp":"2025-12-14 23:39:17"}
{"level":"error","message":"Proxy error (ingredients service): ","service":"api-gateway","timestamp":"2025-12-14 23:39:33"}
{"level":"error","message":"Proxy error (ingredients service): ","service":"api-gateway","timestamp":"2025-12-14 23:39:33"}
{"level":"error","message":"Proxy error (ingredients service): ","service":"api-gateway","timestamp":"2025-12-14 23:39:33"}
{"level":"error","message":"Proxy error (ingredients service): ","service":"api-gateway","timestamp":"2025-12-14 23:44:40"}
{"level":"error","message":"Proxy error (meal service): ","service":"api-gateway","timestamp":"2025-12-15 01:14:41"}
{"level":"error","message":"Proxy error (meal service): ","service":"api-gateway","timestamp":"2025-12-15 01:15:39"}
{"level":"error","message":"Proxy error (meal service): ","service":"api-gateway","timestamp":"2025-12-15 01:15:49"}
{"level":"error","message":"Proxy error (meal service): ","service":"api-gateway","timestamp":"2025-12-15 01:16:35"}
{"level":"error","message":"Proxy error (meal service): ","service":"api-gateway","timestamp":"2025-12-15 01:16:35"}
{"level":"error","message":"Proxy error (meal service): ","service":"api-gateway","timestamp":"2025-12-15 01:16:35"}
{"level":"error","message":"Proxy error (recipe service): ","service":"api-gateway","timestamp":"2025-12-15 01:16:35"}
{"level":"error","message":"Proxy error (meal service): ","service":"api-gateway","timestamp":"2025-12-15 01:16:38"}
{"level":"error","message":"Proxy error (meal service): ","service":"api-gateway","timestamp":"2025-12-15 17:26:15"}
{"level":"error","message":"Proxy error (meal service): ","service":"api-gateway","timestamp":"2025-12-15 17:26:17"}
{"level":"error","message":"Proxy error (meal service): ","service":"api-gateway","timestamp":"2025-12-15 17:26:17"}
{"level":"error","message":"Proxy error (recipe service): ","service":"api-gateway","timestamp":"2025-12-15 17:26:17"}
{"level":"error","message":"Proxy error (meal service): ","service":"api-gateway","timestamp":"2025-12-15 17:26:17"}
{"level":"error","message":"Proxy error (meal service): ","service":"api-gateway","timestamp":"2025-12-15 17:29:27"}
{"level":"error","message":"Proxy error (meal service): ","service":"api-gateway","timestamp":"2025-12-15 17:29:27"}
{"level":"error","message":"Proxy error (meal service): ","service":"api-gateway","timestamp":"2025-12-15 17:29:27"}
{"level":"error","message":"Proxy error (meal service): ","service":"api-gateway","timestamp":"2025-12-15 17:29:44"}
{"level":"error","message":"Proxy error (meal service): ","service":"api-gateway","timestamp":"2025-12-15 17:29:44"}
{"level":"error","message":"Proxy error (meal service): ","service":"api-gateway","timestamp":"2025-12-15 17:29:44"}
{"level":"error","message":"Proxy error (meal service): ","service":"api-gateway","timestamp":"2025-12-15 22:33:57"}
{"level":"error","message":"Proxy error (meal service): ","service":"api-gateway","timestamp":"2025-12-15 22:49:07"}
{"level":"error","message":"Proxy error (meal service): ","service":"api-gateway","timestamp":"2025-12-15 22:50:17"}
{"level":"error","message":"Proxy error (meal service): ","service":"api-gateway","timestamp":"2025-12-15 22:51:27"}
{"level":"error","message":"Proxy error (meal service): ","service":"api-gateway","timestamp":"2025-12-15 23:05:53"}
{"level":"error","message":"Proxy error (meal service): ","service":"api-gateway","timestamp":"2025-12-15 23:07:58"}
{"level":"error","message":"Proxy error (meal service): ","service":"api-gateway","timestamp":"2025-12-15 23:08:46"}
{"level":"error","message":"Proxy error (ingredients service): ","service":"api-gateway","timestamp":"2025-12-16 00:16:01"}
{"level":"error","message":"Proxy error (recipe service): ","service":"api-gateway","timestamp":"2025-12-16 23:03:22"}
{"level":"error","message":"Proxy error (meal service): ","service":"api-gateway","timestamp":"2025-12-17 16:58:04"}
{"level":"error","message":"Proxy error (recipe service): ","service":"api-gateway","timestamp":"2025-12-17 17:07:11"}
{"level":"error","message":"Proxy error (recipe service): ","service":"api-gateway","timestamp":"2025-12-17 17:07:22"}
{"level":"error","message":"Proxy error (ingredients service): ","service":"api-gateway","timestamp":"2025-12-17 17:09:38"}
{"level":"error","message":"Proxy error (ingredients service): ","service":"api-gateway","timestamp":"2025-12-17 17:09:39"}
{"level":"error","message":"Proxy error (recipe service): ","service":"api-gateway","timestamp":"2025-12-17 17:09:39"}
{"level":"error","message":"Proxy error (ingredients service): ","service":"api-gateway","timestamp":"2025-12-17 17:09:45"}
{"level":"error","message":"Proxy error (ingredients service): ","service":"api-gateway","timestamp":"2025-12-17 17:09:45"}
{"level":"error","message":"Proxy error (ingredients service): ","service":"api-gateway","timestamp":"2025-12-17 17:09:45"}
{"level":"error","message":"Proxy error (ingredients service): ","service":"api-gateway","timestamp":"2025-12-17 17:09:50"}
{"level":"error","message":"Proxy error (ingredients service): ","service":"api-gateway","timestamp":"2025-12-17 17:09:50"}
{"level":"error","message":"Proxy error (ingredients service): ","service":"api-gateway","timestamp":"2025-12-17 17:09:50"}
{"level":"error","message":"Proxy error (recipe service): ","service":"api-gateway","timestamp":"2025-12-17 17:11:01"}
{"level":"error","message":"Proxy error (recipe service): ","service":"api-gateway","timestamp":"2025-12-18 02:43:25"}
{"level":"error","message":"Proxy error (recipe service): ","service":"api-gateway","timestamp":"2025-12-19 00:05:10"}
{"level":"error","message":"Proxy error (recipe service): ","service":"api-gateway","timestamp":"2025-12-19 00:05:21"}
{"level":"error","message":"Proxy error (recipe service): ","service":"api-gateway","timestamp":"2025-12-19 00:05:31"}
{"level":"error","message":"Proxy error (meal service): ","service":"api-gateway","timestamp":"2025-12-19 01:08:01"}
